ERROR 2026-02-06 00:22:57,176 log 564484 139720932718272 You're accessing the development server over HTTPS, but it only supports HTTP.
ERROR 2026-02-06 00:22:57,185 log 564484 139720932718272 You're accessing the development server over HTTPS, but it only supports HTTP.
ERROR 2026-02-06 00:23:07,123 log 564484 139720932718272 You're accessing the development server over HTTPS, but it only supports HTTP.
ERROR 2026-02-06 00:23:07,145 log 564484 139720838338240 You're accessing the development server over HTTPS, but it only supports HTTP.
ERROR 2026-02-06 00:23:07,184 log 564484 139720838338240 You're accessing the development server over HTTPS, but it only supports HTTP.
ERROR 2026-02-06 00:23:07,191 log 564484 139720932718272 You're accessing the development server over HTTPS, but it only supports HTTP.
ERROR 2026-02-06 00:23:07,193 log 564484 139720838338240 You're accessing the development server over HTTPS, but it only supports HTTP.
ERROR 2026-02-06 00:23:07,204 log 564484 139720932718272 You're accessing the development server over HTTPS, but it only supports HTTP.
ERROR 2026-02-06 00:23:55,542 log 565073 139660337608384 You're accessing the development server over HTTPS, but it only supports HTTP.
ERROR 2026-02-06 00:23:55,567 log 565073 139660248475328 You're accessing the development server over HTTPS, but it only supports HTTP.
ERROR 2026-02-06 00:37:43,819 log 573945 140191759070912 You're accessing the development server over HTTPS, but it only supports HTTP.
ERROR 2026-02-06 00:37:43,832 log 573945 140191733892800 You're accessing the development server over HTTPS, but it only supports HTTP.
ERROR 2026-02-06 00:40:05,793 log 573945 140191750678208 You're accessing the development server over HTTPS, but it only supports HTTP.
ERROR 2026-02-06 00:40:05,807 log 573945 140191750678208 You're accessing the development server over HTTPS, but it only supports HTTP.
ERROR 2026-02-06 00:40:05,833 log 573945 140191759070912 You're accessing the development server over HTTPS, but it only supports HTTP.
ERROR 2026-02-06 00:40:05,836 log 573945 140191742285504 You're accessing the development server over HTTPS, but it only supports HTTP.
ERROR 2026-02-06 00:40:05,852 log 573945 140191759070912 You're accessing the development server over HTTPS, but it only supports HTTP.
ERROR 2026-02-06 00:40:05,851 log 573945 140191742285504 You're accessing the development server over HTTPS, but it only supports HTTP.
ERROR 2026-02-06 00:40:29,002 log 573945 140191750678208 You're accessing the development server over HTTPS, but it only supports HTTP.
ERROR 2026-02-06 00:40:29,010 log 573945 140191750678208 You're accessing the development server over HTTPS, but it only supports HTTP.
ERROR 2026-02-06 00:41:08,544 log 576012 140620668589760 You're accessing the development server over HTTPS, but it only supports HTTP.
ERROR 2026-02-06 00:41:08,554 log 576012 140620668589760 You're accessing the development server over HTTPS, but it only supports HTTP.
ERROR 2026-02-06 00:41:38,959 log 576012 140620668589760 You're accessing the development server over HTTPS, but it only supports HTTP.
ERROR 2026-02-06 00:41:38,962 log 576012 140620668589760 You're accessing the development server over HTTPS, but it only supports HTTP.
ERROR 2026-02-06 00:47:39,295 log 580857 140575731873472 You're accessing the development server over HTTPS, but it only supports HTTP.
ERROR 2026-02-06 00:47:39,312 log 580857 140575731873472 You're accessing the development server over HTTPS, but it only supports HTTP.
ERROR 2026-02-06 00:51:51,136 log 580857 140575723480768 You're accessing the development server over HTTPS, but it only supports HTTP.
ERROR 2026-02-06 00:51:51,148 log 580857 140575723480768 You're accessing the development server over HTTPS, but it only supports HTTP.
ERROR 2026-02-06 00:56:08,587 log 584936 140297063356096 You're accessing the development server over HTTPS, but it only supports HTTP.
ERROR 2026-02-06 00:56:08,592 log 584936 140297063356096 You're accessing the development server over HTTPS, but it only supports HTTP.
ERROR 2026-02-06 01:05:19,693 log 592574 139794403292864 You're accessing the development server over HTTPS, but it only supports HTTP.
ERROR 2026-02-06 01:05:19,697 log 592574 139794394900160 You're accessing the development server over HTTPS, but it only supports HTTP.
ERROR 2026-02-06 01:08:18,926 log 595179 139745317353152 You're accessing the development server over HTTPS, but it only supports HTTP.
ERROR 2026-02-06 01:08:18,931 log 595179 139745317353152 You're accessing the development server over HTTPS, but it only supports HTTP.
ERROR 2026-02-06 01:12:50,321 log 598140 139760607688384 You're accessing the development server over HTTPS, but it only supports HTTP.
ERROR 2026-02-06 01:12:50,327 log 598140 139760607688384 You're accessing the development server over HTTPS, but it only supports HTTP.
ERROR 2026-02-06 01:15:47,046 log 600007 140258700162752 You're accessing the development server over HTTPS, but it only supports HTTP.
ERROR 2026-02-06 01:15:47,050 log 600007 140258700162752 You're accessing the development server over HTTPS, but it only supports HTTP.
ERROR 2026-02-06 03:06:29,096 log 671244 140356880430784 Internal Server Error: /
Traceback (most recent call last):
  File "/home/cs/Desktop/PROJECTS/django_env/lib/python3.13/site-packages/django/template/base.py", line 577, in parse
    compile_func = self.tags[command]
                   ~~~~~~~~~^^^^^^^^^
KeyError: 'static'

During handling of the above exception, another exception occurred:

Traceback (most recent call last):
  File "/home/cs/Desktop/PROJECTS/django_env/lib/python3.13/site-packages/django/core/handlers/exception.py", line 55, in inner
    response = get_response(request)
  File "/home/cs/Desktop/PROJECTS/django_env/lib/python3.13/site-packages/django/core/handlers/base.py", line 198, in _get_response
    response = wrapped_callback(request, *callback_args, **callback_kwargs)
  File "/home/cs/Desktop/PROJECTS/kacaf/pages/views.py", line 6, in public_dashboard
    return render(request, 'dashboard/public_dashboard.html')
  File "/home/cs/Desktop/PROJECTS/django_env/lib/python3.13/site-packages/django/shortcuts.py", line 25, in render
    content = loader.render_to_string(template_name, context, request, using=using)
  File "/home/cs/Desktop/PROJECTS/django_env/lib/python3.13/site-packages/django/template/loader.py", line 62, in render_to_string
    return template.render(context, request)
           ~~~~~~~~~~~~~~~^^^^^^^^^^^^^^^^^^
  File "/home/cs/Desktop/PROJECTS/django_env/lib/python3.13/site-packages/django/template/backends/django.py", line 107, in render
    return self.template.render(context)
           ~~~~~~~~~~~~~~~~~~~~^^^^^^^^^
  File "/home/cs/Desktop/PROJECTS/django_env/lib/python3.13/site-packages/django/template/base.py", line 174, in render
    return self._render(context)
           ~~~~~~~~~~~~^^^^^^^^^
  File "/home/cs/Desktop/PROJECTS/django_env/lib/python3.13/site-packages/django/template/base.py", line 166, in _render
    return self.nodelist.render(context)
           ~~~~~~~~~~~~~~~~~~~~^^^^^^^^^
  File "/home/cs/Desktop/PROJECTS/django_env/lib/python3.13/site-packages/django/template/base.py", line 1091, in render
    return SafeString("".join([node.render_annotated(context) for node in self]))
                               ~~~~~~~~~~~~~~~~~~~~~^^^^^^^^^
  File "/home/cs/Desktop/PROJECTS/django_env/lib/python3.13/site-packages/django/template/base.py", line 1052, in render_annotated
    return self.render(context)
           ~~~~~~~~~~~^^^^^^^^^
  File "/home/cs/Desktop/PROJECTS/django_env/lib/python3.13/site-packages/django/template/loader_tags.py", line 135, in render
    compiled_parent = self.get_parent(context)
  File "/home/cs/Desktop/PROJECTS/django_env/lib/python3.13/site-packages/django/template/loader_tags.py", line 132, in get_parent
    return self.find_template(parent, context)
           ~~~~~~~~~~~~~~~~~~^^^^^^^^^^^^^^^^^
  File "/home/cs/Desktop/PROJECTS/django_env/lib/python3.13/site-packages/django/template/loader_tags.py", line 110, in find_template
    template, origin = context.template.engine.find_template(
                       ~~~~~~~~~~~~~~~~~~~~~~~~~~~~~~~~~~~~~^
        template_name,
        ^^^^^^^^^^^^^^
        skip=history,
        ^^^^^^^^^^^^^
    )
    ^
  File "/home/cs/Desktop/PROJECTS/django_env/lib/python3.13/site-packages/django/template/engine.py", line 159, in find_template
    template = loader.get_template(name, skip=skip)
  File "/home/cs/Desktop/PROJECTS/django_env/lib/python3.13/site-packages/django/template/loaders/cached.py", line 57, in get_template
    template = super().get_template(template_name, skip)
  File "/home/cs/Desktop/PROJECTS/django_env/lib/python3.13/site-packages/django/template/loaders/base.py", line 28, in get_template
    return Template(
        contents,
    ...<2 lines>...
        self.engine,
    )
  File "/home/cs/Desktop/PROJECTS/django_env/lib/python3.13/site-packages/django/template/base.py", line 157, in __init__
    self.nodelist = self.compile_nodelist()
                    ~~~~~~~~~~~~~~~~~~~~~^^
  File "/home/cs/Desktop/PROJECTS/django_env/lib/python3.13/site-packages/django/template/base.py", line 199, in compile_nodelist
    nodelist = parser.parse()
  File "/home/cs/Desktop/PROJECTS/django_env/lib/python3.13/site-packages/django/template/base.py", line 579, in parse
    self.invalid_block_tag(token, command, parse_until)
    ~~~~~~~~~~~~~~~~~~~~~~^^^^^^^^^^^^^^^^^^^^^^^^^^^^^
  File "/home/cs/Desktop/PROJECTS/django_env/lib/python3.13/site-packages/django/template/base.py", line 644, in invalid_block_tag
    raise self.error(
    ...<3 lines>...
    )
django.template.exceptions.TemplateSyntaxError: Template: /home/cs/Desktop/PROJECTS/kacaf/templates/base/base.html, Invalid block tag on line 13: 'static'. Did you forget to register or load this tag?
ERROR 2026-02-06 03:06:29,101 log 671244 140356880430784 "GET / HTTP/1.1" 500 182898
ERROR 2026-02-06 03:08:19,984 log 671244 140356880430784 Internal Server Error: /
Traceback (most recent call last):
  File "/home/cs/Desktop/PROJECTS/django_env/lib/python3.13/site-packages/django/core/handlers/exception.py", line 55, in inner
    response = get_response(request)
  File "/home/cs/Desktop/PROJECTS/django_env/lib/python3.13/site-packages/django/core/handlers/base.py", line 198, in _get_response
    response = wrapped_callback(request, *callback_args, **callback_kwargs)
  File "/home/cs/Desktop/PROJECTS/kacaf/pages/views.py", line 6, in public_dashboard
    return render(request, 'dashboard/public_dashboard.html')
  File "/home/cs/Desktop/PROJECTS/django_env/lib/python3.13/site-packages/django/shortcuts.py", line 25, in render
    content = loader.render_to_string(template_name, context, request, using=using)
  File "/home/cs/Desktop/PROJECTS/django_env/lib/python3.13/site-packages/django/template/loader.py", line 62, in render_to_string
    return template.render(context, request)
           ~~~~~~~~~~~~~~~^^^^^^^^^^^^^^^^^^
  File "/home/cs/Desktop/PROJECTS/django_env/lib/python3.13/site-packages/django/template/backends/django.py", line 107, in render
    return self.template.render(context)
           ~~~~~~~~~~~~~~~~~~~~^^^^^^^^^
  File "/home/cs/Desktop/PROJECTS/django_env/lib/python3.13/site-packages/django/template/base.py", line 174, in render
    return self._render(context)
           ~~~~~~~~~~~~^^^^^^^^^
  File "/home/cs/Desktop/PROJECTS/django_env/lib/python3.13/site-packages/django/template/base.py", line 166, in _render
    return self.nodelist.render(context)
           ~~~~~~~~~~~~~~~~~~~~^^^^^^^^^
  File "/home/cs/Desktop/PROJECTS/django_env/lib/python3.13/site-packages/django/template/base.py", line 1091, in render
    return SafeString("".join([node.render_annotated(context) for node in self]))
                               ~~~~~~~~~~~~~~~~~~~~~^^^^^^^^^
  File "/home/cs/Desktop/PROJECTS/django_env/lib/python3.13/site-packages/django/template/base.py", line 1052, in render_annotated
    return self.render(context)
           ~~~~~~~~~~~^^^^^^^^^
  File "/home/cs/Desktop/PROJECTS/django_env/lib/python3.13/site-packages/django/template/loader_tags.py", line 160, in render
    return compiled_parent._render(context)
           ~~~~~~~~~~~~~~~~~~~~~~~^^^^^^^^^
  File "/home/cs/Desktop/PROJECTS/django_env/lib/python3.13/site-packages/django/template/base.py", line 166, in _render
    return self.nodelist.render(context)
           ~~~~~~~~~~~~~~~~~~~~^^^^^^^^^
  File "/home/cs/Desktop/PROJECTS/django_env/lib/python3.13/site-packages/django/template/base.py", line 1091, in render
    return SafeString("".join([node.render_annotated(context) for node in self]))
                               ~~~~~~~~~~~~~~~~~~~~~^^^^^^^^^
  File "/home/cs/Desktop/PROJECTS/django_env/lib/python3.13/site-packages/django/template/base.py", line 1052, in render_annotated
    return self.render(context)
           ~~~~~~~~~~~^^^^^^^^^
  File "/home/cs/Desktop/PROJECTS/django_env/lib/python3.13/site-packages/django/template/loader_tags.py", line 211, in render
    return template.render(context)
           ~~~~~~~~~~~~~~~^^^^^^^^^
  File "/home/cs/Desktop/PROJECTS/django_env/lib/python3.13/site-packages/django/template/base.py", line 176, in render
    return self._render(context)
           ~~~~~~~~~~~~^^^^^^^^^
  File "/home/cs/Desktop/PROJECTS/django_env/lib/python3.13/site-packages/django/template/base.py", line 166, in _render
    return self.nodelist.render(context)
           ~~~~~~~~~~~~~~~~~~~~^^^^^^^^^
  File "/home/cs/Desktop/PROJECTS/django_env/lib/python3.13/site-packages/django/template/base.py", line 1091, in render
    return SafeString("".join([node.render_annotated(context) for node in self]))
                               ~~~~~~~~~~~~~~~~~~~~~^^^^^^^^^
  File "/home/cs/Desktop/PROJECTS/django_env/lib/python3.13/site-packages/django/template/base.py", line 1052, in render_annotated
    return self.render(context)
           ~~~~~~~~~~~^^^^^^^^^
  File "/home/cs/Desktop/PROJECTS/django_env/lib/python3.13/site-packages/django/template/defaulttags.py", line 511, in render
    url = reverse(view_name, args=args, kwargs=kwargs, current_app=current_app)
  File "/home/cs/Desktop/PROJECTS/django_env/lib/python3.13/site-packages/django/urls/base.py", line 98, in reverse
    resolved_url = resolver._reverse_with_prefix(view, prefix, *args, **kwargs)
  File "/home/cs/Desktop/PROJECTS/django_env/lib/python3.13/site-packages/django/urls/resolvers.py", line 842, in _reverse_with_prefix
    raise NoReverseMatch(msg)
django.urls.exceptions.NoReverseMatch: Reverse for 'home' not found. 'home' is not a valid view function or pattern name.
ERROR 2026-02-06 03:08:19,988 log 671244 140356880430784 "GET / HTTP/1.1" 500 169211
ERROR 2026-02-06 03:11:06,090 log 671244 140356880430784 Internal Server Error: /
Traceback (most recent call last):
  File "/home/cs/Desktop/PROJECTS/django_env/lib/python3.13/site-packages/django/core/handlers/exception.py", line 55, in inner
    response = get_response(request)
  File "/home/cs/Desktop/PROJECTS/django_env/lib/python3.13/site-packages/django/core/handlers/base.py", line 198, in _get_response
    response = wrapped_callback(request, *callback_args, **callback_kwargs)
  File "/home/cs/Desktop/PROJECTS/kacaf/pages/views.py", line 6, in public_dashboard
    return render(request, 'dashboard/public_dashboard.html')
  File "/home/cs/Desktop/PROJECTS/django_env/lib/python3.13/site-packages/django/shortcuts.py", line 25, in render
    content = loader.render_to_string(template_name, context, request, using=using)
  File "/home/cs/Desktop/PROJECTS/django_env/lib/python3.13/site-packages/django/template/loader.py", line 62, in render_to_string
    return template.render(context, request)
           ~~~~~~~~~~~~~~~^^^^^^^^^^^^^^^^^^
  File "/home/cs/Desktop/PROJECTS/django_env/lib/python3.13/site-packages/django/template/backends/django.py", line 107, in render
    return self.template.render(context)
           ~~~~~~~~~~~~~~~~~~~~^^^^^^^^^
  File "/home/cs/Desktop/PROJECTS/django_env/lib/python3.13/site-packages/django/template/base.py", line 174, in render
    return self._render(context)
           ~~~~~~~~~~~~^^^^^^^^^
  File "/home/cs/Desktop/PROJECTS/django_env/lib/python3.13/site-packages/django/template/base.py", line 166, in _render
    return self.nodelist.render(context)
           ~~~~~~~~~~~~~~~~~~~~^^^^^^^^^
  File "/home/cs/Desktop/PROJECTS/django_env/lib/python3.13/site-packages/django/template/base.py", line 1091, in render
    return SafeString("".join([node.render_annotated(context) for node in self]))
                               ~~~~~~~~~~~~~~~~~~~~~^^^^^^^^^
  File "/home/cs/Desktop/PROJECTS/django_env/lib/python3.13/site-packages/django/template/base.py", line 1052, in render_annotated
    return self.render(context)
           ~~~~~~~~~~~^^^^^^^^^
  File "/home/cs/Desktop/PROJECTS/django_env/lib/python3.13/site-packages/django/template/loader_tags.py", line 160, in render
    return compiled_parent._render(context)
           ~~~~~~~~~~~~~~~~~~~~~~~^^^^^^^^^
  File "/home/cs/Desktop/PROJECTS/django_env/lib/python3.13/site-packages/django/template/base.py", line 166, in _render
    return self.nodelist.render(context)
           ~~~~~~~~~~~~~~~~~~~~^^^^^^^^^
  File "/home/cs/Desktop/PROJECTS/django_env/lib/python3.13/site-packages/django/template/base.py", line 1091, in render
    return SafeString("".join([node.render_annotated(context) for node in self]))
                               ~~~~~~~~~~~~~~~~~~~~~^^^^^^^^^
  File "/home/cs/Desktop/PROJECTS/django_env/lib/python3.13/site-packages/django/template/base.py", line 1052, in render_annotated
    return self.render(context)
           ~~~~~~~~~~~^^^^^^^^^
  File "/home/cs/Desktop/PROJECTS/django_env/lib/python3.13/site-packages/django/template/loader_tags.py", line 211, in render
    return template.render(context)
           ~~~~~~~~~~~~~~~^^^^^^^^^
  File "/home/cs/Desktop/PROJECTS/django_env/lib/python3.13/site-packages/django/template/base.py", line 176, in render
    return self._render(context)
           ~~~~~~~~~~~~^^^^^^^^^
  File "/home/cs/Desktop/PROJECTS/django_env/lib/python3.13/site-packages/django/template/base.py", line 166, in _render
    return self.nodelist.render(context)
           ~~~~~~~~~~~~~~~~~~~~^^^^^^^^^
  File "/home/cs/Desktop/PROJECTS/django_env/lib/python3.13/site-packages/django/template/base.py", line 1091, in render
    return SafeString("".join([node.render_annotated(context) for node in self]))
                               ~~~~~~~~~~~~~~~~~~~~~^^^^^^^^^
  File "/home/cs/Desktop/PROJECTS/django_env/lib/python3.13/site-packages/django/template/base.py", line 1052, in render_annotated
    return self.render(context)
           ~~~~~~~~~~~^^^^^^^^^
  File "/home/cs/Desktop/PROJECTS/django_env/lib/python3.13/site-packages/django/template/defaulttags.py", line 511, in render
    url = reverse(view_name, args=args, kwargs=kwargs, current_app=current_app)
  File "/home/cs/Desktop/PROJECTS/django_env/lib/python3.13/site-packages/django/urls/base.py", line 98, in reverse
    resolved_url = resolver._reverse_with_prefix(view, prefix, *args, **kwargs)
  File "/home/cs/Desktop/PROJECTS/django_env/lib/python3.13/site-packages/django/urls/resolvers.py", line 842, in _reverse_with_prefix
    raise NoReverseMatch(msg)
django.urls.exceptions.NoReverseMatch: Reverse for 'program_list' not found. 'program_list' is not a valid view function or pattern name.
ERROR 2026-02-06 03:11:06,094 log 671244 140356880430784 "GET / HTTP/1.1" 500 171796
ERROR 2026-02-06 03:23:24,037 log 671244 140356866094784 Internal Server Error: /
Traceback (most recent call last):
  File "/home/cs/Desktop/PROJECTS/django_env/lib/python3.13/site-packages/django/core/handlers/exception.py", line 55, in inner
    response = get_response(request)
  File "/home/cs/Desktop/PROJECTS/django_env/lib/python3.13/site-packages/django/core/handlers/base.py", line 198, in _get_response
    response = wrapped_callback(request, *callback_args, **callback_kwargs)
  File "/home/cs/Desktop/PROJECTS/kacaf/pages/views.py", line 6, in public_dashboard
    return render(request, 'dashboard/public_dashboard.html')
  File "/home/cs/Desktop/PROJECTS/django_env/lib/python3.13/site-packages/django/shortcuts.py", line 25, in render
    content = loader.render_to_string(template_name, context, request, using=using)
  File "/home/cs/Desktop/PROJECTS/django_env/lib/python3.13/site-packages/django/template/loader.py", line 62, in render_to_string
    return template.render(context, request)
           ~~~~~~~~~~~~~~~^^^^^^^^^^^^^^^^^^
  File "/home/cs/Desktop/PROJECTS/django_env/lib/python3.13/site-packages/django/template/backends/django.py", line 107, in render
    return self.template.render(context)
           ~~~~~~~~~~~~~~~~~~~~^^^^^^^^^
  File "/home/cs/Desktop/PROJECTS/django_env/lib/python3.13/site-packages/django/template/base.py", line 174, in render
    return self._render(context)
           ~~~~~~~~~~~~^^^^^^^^^
  File "/home/cs/Desktop/PROJECTS/django_env/lib/python3.13/site-packages/django/template/base.py", line 166, in _render
    return self.nodelist.render(context)
           ~~~~~~~~~~~~~~~~~~~~^^^^^^^^^
  File "/home/cs/Desktop/PROJECTS/django_env/lib/python3.13/site-packages/django/template/base.py", line 1091, in render
    return SafeString("".join([node.render_annotated(context) for node in self]))
                               ~~~~~~~~~~~~~~~~~~~~~^^^^^^^^^
  File "/home/cs/Desktop/PROJECTS/django_env/lib/python3.13/site-packages/django/template/base.py", line 1052, in render_annotated
    return self.render(context)
           ~~~~~~~~~~~^^^^^^^^^
  File "/home/cs/Desktop/PROJECTS/django_env/lib/python3.13/site-packages/django/template/loader_tags.py", line 160, in render
    return compiled_parent._render(context)
           ~~~~~~~~~~~~~~~~~~~~~~~^^^^^^^^^
  File "/home/cs/Desktop/PROJECTS/django_env/lib/python3.13/site-packages/django/template/base.py", line 166, in _render
    return self.nodelist.render(context)
           ~~~~~~~~~~~~~~~~~~~~^^^^^^^^^
  File "/home/cs/Desktop/PROJECTS/django_env/lib/python3.13/site-packages/django/template/base.py", line 1091, in render
    return SafeString("".join([node.render_annotated(context) for node in self]))
                               ~~~~~~~~~~~~~~~~~~~~~^^^^^^^^^
  File "/home/cs/Desktop/PROJECTS/django_env/lib/python3.13/site-packages/django/template/base.py", line 1052, in render_annotated
    return self.render(context)
           ~~~~~~~~~~~^^^^^^^^^
  File "/home/cs/Desktop/PROJECTS/django_env/lib/python3.13/site-packages/django/template/loader_tags.py", line 211, in render
    return template.render(context)
           ~~~~~~~~~~~~~~~^^^^^^^^^
  File "/home/cs/Desktop/PROJECTS/django_env/lib/python3.13/site-packages/django/template/base.py", line 176, in render
    return self._render(context)
           ~~~~~~~~~~~~^^^^^^^^^
  File "/home/cs/Desktop/PROJECTS/django_env/lib/python3.13/site-packages/django/template/base.py", line 166, in _render
    return self.nodelist.render(context)
           ~~~~~~~~~~~~~~~~~~~~^^^^^^^^^
  File "/home/cs/Desktop/PROJECTS/django_env/lib/python3.13/site-packages/django/template/base.py", line 1091, in render
    return SafeString("".join([node.render_annotated(context) for node in self]))
                               ~~~~~~~~~~~~~~~~~~~~~^^^^^^^^^
  File "/home/cs/Desktop/PROJECTS/django_env/lib/python3.13/site-packages/django/template/base.py", line 1052, in render_annotated
    return self.render(context)
           ~~~~~~~~~~~^^^^^^^^^
  File "/home/cs/Desktop/PROJECTS/django_env/lib/python3.13/site-packages/django/template/defaulttags.py", line 511, in render
    url = reverse(view_name, args=args, kwargs=kwargs, current_app=current_app)
  File "/home/cs/Desktop/PROJECTS/django_env/lib/python3.13/site-packages/django/urls/base.py", line 98, in reverse
    resolved_url = resolver._reverse_with_prefix(view, prefix, *args, **kwargs)
  File "/home/cs/Desktop/PROJECTS/django_env/lib/python3.13/site-packages/django/urls/resolvers.py", line 842, in _reverse_with_prefix
    raise NoReverseMatch(msg)
django.urls.exceptions.NoReverseMatch: Reverse for 'event_list' not found. 'event_list' is not a valid view function or pattern name.
ERROR 2026-02-06 03:23:24,061 log 671244 140356866094784 "GET / HTTP/1.1" 500 171630
ERROR 2026-02-06 03:26:38,092 log 671244 140356866094784 Internal Server Error: /
Traceback (most recent call last):
  File "/home/cs/Desktop/PROJECTS/django_env/lib/python3.13/site-packages/django/core/handlers/exception.py", line 55, in inner
    response = get_response(request)
  File "/home/cs/Desktop/PROJECTS/django_env/lib/python3.13/site-packages/django/core/handlers/base.py", line 198, in _get_response
    response = wrapped_callback(request, *callback_args, **callback_kwargs)
  File "/home/cs/Desktop/PROJECTS/kacaf/pages/views.py", line 6, in public_dashboard
    return render(request, 'dashboard/public_dashboard.html')
  File "/home/cs/Desktop/PROJECTS/django_env/lib/python3.13/site-packages/django/shortcuts.py", line 25, in render
    content = loader.render_to_string(template_name, context, request, using=using)
  File "/home/cs/Desktop/PROJECTS/django_env/lib/python3.13/site-packages/django/template/loader.py", line 62, in render_to_string
    return template.render(context, request)
           ~~~~~~~~~~~~~~~^^^^^^^^^^^^^^^^^^
  File "/home/cs/Desktop/PROJECTS/django_env/lib/python3.13/site-packages/django/template/backends/django.py", line 107, in render
    return self.template.render(context)
           ~~~~~~~~~~~~~~~~~~~~^^^^^^^^^
  File "/home/cs/Desktop/PROJECTS/django_env/lib/python3.13/site-packages/django/template/base.py", line 174, in render
    return self._render(context)
           ~~~~~~~~~~~~^^^^^^^^^
  File "/home/cs/Desktop/PROJECTS/django_env/lib/python3.13/site-packages/django/template/base.py", line 166, in _render
    return self.nodelist.render(context)
           ~~~~~~~~~~~~~~~~~~~~^^^^^^^^^
  File "/home/cs/Desktop/PROJECTS/django_env/lib/python3.13/site-packages/django/template/base.py", line 1091, in render
    return SafeString("".join([node.render_annotated(context) for node in self]))
                               ~~~~~~~~~~~~~~~~~~~~~^^^^^^^^^
  File "/home/cs/Desktop/PROJECTS/django_env/lib/python3.13/site-packages/django/template/base.py", line 1052, in render_annotated
    return self.render(context)
           ~~~~~~~~~~~^^^^^^^^^
  File "/home/cs/Desktop/PROJECTS/django_env/lib/python3.13/site-packages/django/template/loader_tags.py", line 160, in render
    return compiled_parent._render(context)
           ~~~~~~~~~~~~~~~~~~~~~~~^^^^^^^^^
  File "/home/cs/Desktop/PROJECTS/django_env/lib/python3.13/site-packages/django/template/base.py", line 166, in _render
    return self.nodelist.render(context)
           ~~~~~~~~~~~~~~~~~~~~^^^^^^^^^
  File "/home/cs/Desktop/PROJECTS/django_env/lib/python3.13/site-packages/django/template/base.py", line 1091, in render
    return SafeString("".join([node.render_annotated(context) for node in self]))
                               ~~~~~~~~~~~~~~~~~~~~~^^^^^^^^^
  File "/home/cs/Desktop/PROJECTS/django_env/lib/python3.13/site-packages/django/template/base.py", line 1052, in render_annotated
    return self.render(context)
           ~~~~~~~~~~~^^^^^^^^^
  File "/home/cs/Desktop/PROJECTS/django_env/lib/python3.13/site-packages/django/template/loader_tags.py", line 211, in render
    return template.render(context)
           ~~~~~~~~~~~~~~~^^^^^^^^^
  File "/home/cs/Desktop/PROJECTS/django_env/lib/python3.13/site-packages/django/template/base.py", line 176, in render
    return self._render(context)
           ~~~~~~~~~~~~^^^^^^^^^
  File "/home/cs/Desktop/PROJECTS/django_env/lib/python3.13/site-packages/django/template/base.py", line 166, in _render
    return self.nodelist.render(context)
           ~~~~~~~~~~~~~~~~~~~~^^^^^^^^^
  File "/home/cs/Desktop/PROJECTS/django_env/lib/python3.13/site-packages/django/template/base.py", line 1091, in render
    return SafeString("".join([node.render_annotated(context) for node in self]))
                               ~~~~~~~~~~~~~~~~~~~~~^^^^^^^^^
  File "/home/cs/Desktop/PROJECTS/django_env/lib/python3.13/site-packages/django/template/base.py", line 1052, in render_annotated
    return self.render(context)
           ~~~~~~~~~~~^^^^^^^^^
  File "/home/cs/Desktop/PROJECTS/django_env/lib/python3.13/site-packages/django/template/defaulttags.py", line 511, in render
    url = reverse(view_name, args=args, kwargs=kwargs, current_app=current_app)
  File "/home/cs/Desktop/PROJECTS/django_env/lib/python3.13/site-packages/django/urls/base.py", line 98, in reverse
    resolved_url = resolver._reverse_with_prefix(view, prefix, *args, **kwargs)
  File "/home/cs/Desktop/PROJECTS/django_env/lib/python3.13/site-packages/django/urls/resolvers.py", line 842, in _reverse_with_prefix
    raise NoReverseMatch(msg)
django.urls.exceptions.NoReverseMatch: Reverse for 'contact' not found. 'contact' is not a valid view function or pattern name.
ERROR 2026-02-06 03:26:38,111 log 671244 140356866094784 "GET / HTTP/1.1" 500 171725
ERROR 2026-02-06 03:42:50,829 log 691674 140125334927040 Internal Server Error: /
Traceback (most recent call last):
  File "/home/cs/Desktop/PROJECTS/django_env/lib/python3.13/site-packages/django/core/handlers/exception.py", line 55, in inner
    response = get_response(request)
  File "/home/cs/Desktop/PROJECTS/django_env/lib/python3.13/site-packages/django/core/handlers/base.py", line 198, in _get_response
    response = wrapped_callback(request, *callback_args, **callback_kwargs)
  File "/home/cs/Desktop/PROJECTS/kacaf/pages/views.py", line 6, in public_dashboard
    return render(request, 'dashboard/public_dashboard.html')
  File "/home/cs/Desktop/PROJECTS/django_env/lib/python3.13/site-packages/django/shortcuts.py", line 25, in render
    content = loader.render_to_string(template_name, context, request, using=using)
  File "/home/cs/Desktop/PROJECTS/django_env/lib/python3.13/site-packages/django/template/loader.py", line 62, in render_to_string
    return template.render(context, request)
           ~~~~~~~~~~~~~~~^^^^^^^^^^^^^^^^^^
  File "/home/cs/Desktop/PROJECTS/django_env/lib/python3.13/site-packages/django/template/backends/django.py", line 107, in render
    return self.template.render(context)
           ~~~~~~~~~~~~~~~~~~~~^^^^^^^^^
  File "/home/cs/Desktop/PROJECTS/django_env/lib/python3.13/site-packages/django/template/base.py", line 174, in render
    return self._render(context)
           ~~~~~~~~~~~~^^^^^^^^^
  File "/home/cs/Desktop/PROJECTS/django_env/lib/python3.13/site-packages/django/template/base.py", line 166, in _render
    return self.nodelist.render(context)
           ~~~~~~~~~~~~~~~~~~~~^^^^^^^^^
  File "/home/cs/Desktop/PROJECTS/django_env/lib/python3.13/site-packages/django/template/base.py", line 1091, in render
    return SafeString("".join([node.render_annotated(context) for node in self]))
                               ~~~~~~~~~~~~~~~~~~~~~^^^^^^^^^
  File "/home/cs/Desktop/PROJECTS/django_env/lib/python3.13/site-packages/django/template/base.py", line 1052, in render_annotated
    return self.render(context)
           ~~~~~~~~~~~^^^^^^^^^
  File "/home/cs/Desktop/PROJECTS/django_env/lib/python3.13/site-packages/django/template/loader_tags.py", line 160, in render
    return compiled_parent._render(context)
           ~~~~~~~~~~~~~~~~~~~~~~~^^^^^^^^^
  File "/home/cs/Desktop/PROJECTS/django_env/lib/python3.13/site-packages/django/template/base.py", line 166, in _render
    return self.nodelist.render(context)
           ~~~~~~~~~~~~~~~~~~~~^^^^^^^^^
  File "/home/cs/Desktop/PROJECTS/django_env/lib/python3.13/site-packages/django/template/base.py", line 1091, in render
    return SafeString("".join([node.render_annotated(context) for node in self]))
                               ~~~~~~~~~~~~~~~~~~~~~^^^^^^^^^
  File "/home/cs/Desktop/PROJECTS/django_env/lib/python3.13/site-packages/django/template/base.py", line 1052, in render_annotated
    return self.render(context)
           ~~~~~~~~~~~^^^^^^^^^
  File "/home/cs/Desktop/PROJECTS/django_env/lib/python3.13/site-packages/django/template/loader_tags.py", line 211, in render
    return template.render(context)
           ~~~~~~~~~~~~~~~^^^^^^^^^
  File "/home/cs/Desktop/PROJECTS/django_env/lib/python3.13/site-packages/django/template/base.py", line 176, in render
    return self._render(context)
           ~~~~~~~~~~~~^^^^^^^^^
  File "/home/cs/Desktop/PROJECTS/django_env/lib/python3.13/site-packages/django/template/base.py", line 166, in _render
    return self.nodelist.render(context)
           ~~~~~~~~~~~~~~~~~~~~^^^^^^^^^
  File "/home/cs/Desktop/PROJECTS/django_env/lib/python3.13/site-packages/django/template/base.py", line 1091, in render
    return SafeString("".join([node.render_annotated(context) for node in self]))
                               ~~~~~~~~~~~~~~~~~~~~~^^^^^^^^^
  File "/home/cs/Desktop/PROJECTS/django_env/lib/python3.13/site-packages/django/template/base.py", line 1052, in render_annotated
    return self.render(context)
           ~~~~~~~~~~~^^^^^^^^^
  File "/home/cs/Desktop/PROJECTS/django_env/lib/python3.13/site-packages/django/template/defaulttags.py", line 511, in render
    url = reverse(view_name, args=args, kwargs=kwargs, current_app=current_app)
  File "/home/cs/Desktop/PROJECTS/django_env/lib/python3.13/site-packages/django/urls/base.py", line 98, in reverse
    resolved_url = resolver._reverse_with_prefix(view, prefix, *args, **kwargs)
  File "/home/cs/Desktop/PROJECTS/django_env/lib/python3.13/site-packages/django/urls/resolvers.py", line 842, in _reverse_with_prefix
    raise NoReverseMatch(msg)
django.urls.exceptions.NoReverseMatch: Reverse for 'contact-messages-list' not found. 'contact-messages-list' is not a valid view function or pattern name.
ERROR 2026-02-06 03:42:50,863 log 691674 140125334927040 "GET / HTTP/1.1" 500 172048
ERROR 2026-02-06 03:48:34,549 log 691674 140125254186688 Internal Server Error: /
Traceback (most recent call last):
  File "/home/cs/Desktop/PROJECTS/django_env/lib/python3.13/site-packages/django/core/handlers/exception.py", line 55, in inner
    response = get_response(request)
  File "/home/cs/Desktop/PROJECTS/django_env/lib/python3.13/site-packages/django/core/handlers/base.py", line 198, in _get_response
    response = wrapped_callback(request, *callback_args, **callback_kwargs)
  File "/home/cs/Desktop/PROJECTS/kacaf/pages/views.py", line 6, in public_dashboard
    return render(request, 'dashboard/public_dashboard.html')
  File "/home/cs/Desktop/PROJECTS/django_env/lib/python3.13/site-packages/django/shortcuts.py", line 25, in render
    content = loader.render_to_string(template_name, context, request, using=using)
  File "/home/cs/Desktop/PROJECTS/django_env/lib/python3.13/site-packages/django/template/loader.py", line 62, in render_to_string
    return template.render(context, request)
           ~~~~~~~~~~~~~~~^^^^^^^^^^^^^^^^^^
  File "/home/cs/Desktop/PROJECTS/django_env/lib/python3.13/site-packages/django/template/backends/django.py", line 107, in render
    return self.template.render(context)
           ~~~~~~~~~~~~~~~~~~~~^^^^^^^^^
  File "/home/cs/Desktop/PROJECTS/django_env/lib/python3.13/site-packages/django/template/base.py", line 174, in render
    return self._render(context)
           ~~~~~~~~~~~~^^^^^^^^^
  File "/home/cs/Desktop/PROJECTS/django_env/lib/python3.13/site-packages/django/template/base.py", line 166, in _render
    return self.nodelist.render(context)
           ~~~~~~~~~~~~~~~~~~~~^^^^^^^^^
  File "/home/cs/Desktop/PROJECTS/django_env/lib/python3.13/site-packages/django/template/base.py", line 1091, in render
    return SafeString("".join([node.render_annotated(context) for node in self]))
                               ~~~~~~~~~~~~~~~~~~~~~^^^^^^^^^
  File "/home/cs/Desktop/PROJECTS/django_env/lib/python3.13/site-packages/django/template/base.py", line 1052, in render_annotated
    return self.render(context)
           ~~~~~~~~~~~^^^^^^^^^
  File "/home/cs/Desktop/PROJECTS/django_env/lib/python3.13/site-packages/django/template/loader_tags.py", line 160, in render
    return compiled_parent._render(context)
           ~~~~~~~~~~~~~~~~~~~~~~~^^^^^^^^^
  File "/home/cs/Desktop/PROJECTS/django_env/lib/python3.13/site-packages/django/template/base.py", line 166, in _render
    return self.nodelist.render(context)
           ~~~~~~~~~~~~~~~~~~~~^^^^^^^^^
  File "/home/cs/Desktop/PROJECTS/django_env/lib/python3.13/site-packages/django/template/base.py", line 1091, in render
    return SafeString("".join([node.render_annotated(context) for node in self]))
                               ~~~~~~~~~~~~~~~~~~~~~^^^^^^^^^
  File "/home/cs/Desktop/PROJECTS/django_env/lib/python3.13/site-packages/django/template/base.py", line 1052, in render_annotated
    return self.render(context)
           ~~~~~~~~~~~^^^^^^^^^
  File "/home/cs/Desktop/PROJECTS/django_env/lib/python3.13/site-packages/django/template/loader_tags.py", line 211, in render
    return template.render(context)
           ~~~~~~~~~~~~~~~^^^^^^^^^
  File "/home/cs/Desktop/PROJECTS/django_env/lib/python3.13/site-packages/django/template/base.py", line 176, in render
    return self._render(context)
           ~~~~~~~~~~~~^^^^^^^^^
  File "/home/cs/Desktop/PROJECTS/django_env/lib/python3.13/site-packages/django/template/base.py", line 166, in _render
    return self.nodelist.render(context)
           ~~~~~~~~~~~~~~~~~~~~^^^^^^^^^
  File "/home/cs/Desktop/PROJECTS/django_env/lib/python3.13/site-packages/django/template/base.py", line 1091, in render
    return SafeString("".join([node.render_annotated(context) for node in self]))
                               ~~~~~~~~~~~~~~~~~~~~~^^^^^^^^^
  File "/home/cs/Desktop/PROJECTS/django_env/lib/python3.13/site-packages/django/template/base.py", line 1052, in render_annotated
    return self.render(context)
           ~~~~~~~~~~~^^^^^^^^^
  File "/home/cs/Desktop/PROJECTS/django_env/lib/python3.13/site-packages/django/template/defaulttags.py", line 333, in render
    return nodelist.render(context)
           ~~~~~~~~~~~~~~~^^^^^^^^^
  File "/home/cs/Desktop/PROJECTS/django_env/lib/python3.13/site-packages/django/template/base.py", line 1091, in render
    return SafeString("".join([node.render_annotated(context) for node in self]))
                               ~~~~~~~~~~~~~~~~~~~~~^^^^^^^^^
  File "/home/cs/Desktop/PROJECTS/django_env/lib/python3.13/site-packages/django/template/base.py", line 1052, in render_annotated
    return self.render(context)
           ~~~~~~~~~~~^^^^^^^^^
  File "/home/cs/Desktop/PROJECTS/django_env/lib/python3.13/site-packages/django/template/defaulttags.py", line 511, in render
    url = reverse(view_name, args=args, kwargs=kwargs, current_app=current_app)
  File "/home/cs/Desktop/PROJECTS/django_env/lib/python3.13/site-packages/django/urls/base.py", line 98, in reverse
    resolved_url = resolver._reverse_with_prefix(view, prefix, *args, **kwargs)
  File "/home/cs/Desktop/PROJECTS/django_env/lib/python3.13/site-packages/django/urls/resolvers.py", line 842, in _reverse_with_prefix
    raise NoReverseMatch(msg)
django.urls.exceptions.NoReverseMatch: Reverse for 'dashboard' not found. 'dashboard' is not a valid view function or pattern name.
ERROR 2026-02-06 03:48:34,557 log 691674 140125254186688 "GET / HTTP/1.1" 500 186415
ERROR 2026-02-06 03:52:58,052 log 691674 140125254186688 Internal Server Error: /
Traceback (most recent call last):
  File "/home/cs/Desktop/PROJECTS/django_env/lib/python3.13/site-packages/django/core/handlers/exception.py", line 55, in inner
    response = get_response(request)
  File "/home/cs/Desktop/PROJECTS/django_env/lib/python3.13/site-packages/django/core/handlers/base.py", line 198, in _get_response
    response = wrapped_callback(request, *callback_args, **callback_kwargs)
  File "/home/cs/Desktop/PROJECTS/kacaf/pages/views.py", line 6, in public_dashboard
    return render(request, 'dashboard/public_dashboard.html')
  File "/home/cs/Desktop/PROJECTS/django_env/lib/python3.13/site-packages/django/shortcuts.py", line 25, in render
    content = loader.render_to_string(template_name, context, request, using=using)
  File "/home/cs/Desktop/PROJECTS/django_env/lib/python3.13/site-packages/django/template/loader.py", line 62, in render_to_string
    return template.render(context, request)
           ~~~~~~~~~~~~~~~^^^^^^^^^^^^^^^^^^
  File "/home/cs/Desktop/PROJECTS/django_env/lib/python3.13/site-packages/django/template/backends/django.py", line 107, in render
    return self.template.render(context)
           ~~~~~~~~~~~~~~~~~~~~^^^^^^^^^
  File "/home/cs/Desktop/PROJECTS/django_env/lib/python3.13/site-packages/django/template/base.py", line 174, in render
    return self._render(context)
           ~~~~~~~~~~~~^^^^^^^^^
  File "/home/cs/Desktop/PROJECTS/django_env/lib/python3.13/site-packages/django/template/base.py", line 166, in _render
    return self.nodelist.render(context)
           ~~~~~~~~~~~~~~~~~~~~^^^^^^^^^
  File "/home/cs/Desktop/PROJECTS/django_env/lib/python3.13/site-packages/django/template/base.py", line 1091, in render
    return SafeString("".join([node.render_annotated(context) for node in self]))
                               ~~~~~~~~~~~~~~~~~~~~~^^^^^^^^^
  File "/home/cs/Desktop/PROJECTS/django_env/lib/python3.13/site-packages/django/template/base.py", line 1052, in render_annotated
    return self.render(context)
           ~~~~~~~~~~~^^^^^^^^^
  File "/home/cs/Desktop/PROJECTS/django_env/lib/python3.13/site-packages/django/template/loader_tags.py", line 160, in render
    return compiled_parent._render(context)
           ~~~~~~~~~~~~~~~~~~~~~~~^^^^^^^^^
  File "/home/cs/Desktop/PROJECTS/django_env/lib/python3.13/site-packages/django/template/base.py", line 166, in _render
    return self.nodelist.render(context)
           ~~~~~~~~~~~~~~~~~~~~^^^^^^^^^
  File "/home/cs/Desktop/PROJECTS/django_env/lib/python3.13/site-packages/django/template/base.py", line 1091, in render
    return SafeString("".join([node.render_annotated(context) for node in self]))
                               ~~~~~~~~~~~~~~~~~~~~~^^^^^^^^^
  File "/home/cs/Desktop/PROJECTS/django_env/lib/python3.13/site-packages/django/template/base.py", line 1052, in render_annotated
    return self.render(context)
           ~~~~~~~~~~~^^^^^^^^^
  File "/home/cs/Desktop/PROJECTS/django_env/lib/python3.13/site-packages/django/template/loader_tags.py", line 211, in render
    return template.render(context)
           ~~~~~~~~~~~~~~~^^^^^^^^^
  File "/home/cs/Desktop/PROJECTS/django_env/lib/python3.13/site-packages/django/template/base.py", line 176, in render
    return self._render(context)
           ~~~~~~~~~~~~^^^^^^^^^
  File "/home/cs/Desktop/PROJECTS/django_env/lib/python3.13/site-packages/django/template/base.py", line 166, in _render
    return self.nodelist.render(context)
           ~~~~~~~~~~~~~~~~~~~~^^^^^^^^^
  File "/home/cs/Desktop/PROJECTS/django_env/lib/python3.13/site-packages/django/template/base.py", line 1091, in render
    return SafeString("".join([node.render_annotated(context) for node in self]))
                               ~~~~~~~~~~~~~~~~~~~~~^^^^^^^^^
  File "/home/cs/Desktop/PROJECTS/django_env/lib/python3.13/site-packages/django/template/base.py", line 1052, in render_annotated
    return self.render(context)
           ~~~~~~~~~~~^^^^^^^^^
  File "/home/cs/Desktop/PROJECTS/django_env/lib/python3.13/site-packages/django/template/defaulttags.py", line 333, in render
    return nodelist.render(context)
           ~~~~~~~~~~~~~~~^^^^^^^^^
  File "/home/cs/Desktop/PROJECTS/django_env/lib/python3.13/site-packages/django/template/base.py", line 1091, in render
    return SafeString("".join([node.render_annotated(context) for node in self]))
                               ~~~~~~~~~~~~~~~~~~~~~^^^^^^^^^
  File "/home/cs/Desktop/PROJECTS/django_env/lib/python3.13/site-packages/django/template/base.py", line 1052, in render_annotated
    return self.render(context)
           ~~~~~~~~~~~^^^^^^^^^
  File "/home/cs/Desktop/PROJECTS/django_env/lib/python3.13/site-packages/django/template/defaulttags.py", line 511, in render
    url = reverse(view_name, args=args, kwargs=kwargs, current_app=current_app)
  File "/home/cs/Desktop/PROJECTS/django_env/lib/python3.13/site-packages/django/urls/base.py", line 98, in reverse
    resolved_url = resolver._reverse_with_prefix(view, prefix, *args, **kwargs)
  File "/home/cs/Desktop/PROJECTS/django_env/lib/python3.13/site-packages/django/urls/resolvers.py", line 842, in _reverse_with_prefix
    raise NoReverseMatch(msg)
django.urls.exceptions.NoReverseMatch: Reverse for 'profile' not found. 'profile' is not a valid view function or pattern name.
ERROR 2026-02-06 03:52:58,056 log 691674 140125254186688 "GET / HTTP/1.1" 500 186007
ERROR 2026-02-06 03:59:31,763 log 691674 140125254186688 Internal Server Error: /
Traceback (most recent call last):
  File "/home/cs/Desktop/PROJECTS/django_env/lib/python3.13/site-packages/django/core/handlers/exception.py", line 55, in inner
    response = get_response(request)
  File "/home/cs/Desktop/PROJECTS/django_env/lib/python3.13/site-packages/django/core/handlers/base.py", line 198, in _get_response
    response = wrapped_callback(request, *callback_args, **callback_kwargs)
  File "/home/cs/Desktop/PROJECTS/kacaf/pages/views.py", line 6, in public_dashboard
    return render(request, 'dashboard/public_dashboard.html')
  File "/home/cs/Desktop/PROJECTS/django_env/lib/python3.13/site-packages/django/shortcuts.py", line 25, in render
    content = loader.render_to_string(template_name, context, request, using=using)
  File "/home/cs/Desktop/PROJECTS/django_env/lib/python3.13/site-packages/django/template/loader.py", line 62, in render_to_string
    return template.render(context, request)
           ~~~~~~~~~~~~~~~^^^^^^^^^^^^^^^^^^
  File "/home/cs/Desktop/PROJECTS/django_env/lib/python3.13/site-packages/django/template/backends/django.py", line 107, in render
    return self.template.render(context)
           ~~~~~~~~~~~~~~~~~~~~^^^^^^^^^
  File "/home/cs/Desktop/PROJECTS/django_env/lib/python3.13/site-packages/django/template/base.py", line 174, in render
    return self._render(context)
           ~~~~~~~~~~~~^^^^^^^^^
  File "/home/cs/Desktop/PROJECTS/django_env/lib/python3.13/site-packages/django/template/base.py", line 166, in _render
    return self.nodelist.render(context)
           ~~~~~~~~~~~~~~~~~~~~^^^^^^^^^
  File "/home/cs/Desktop/PROJECTS/django_env/lib/python3.13/site-packages/django/template/base.py", line 1091, in render
    return SafeString("".join([node.render_annotated(context) for node in self]))
                               ~~~~~~~~~~~~~~~~~~~~~^^^^^^^^^
  File "/home/cs/Desktop/PROJECTS/django_env/lib/python3.13/site-packages/django/template/base.py", line 1052, in render_annotated
    return self.render(context)
           ~~~~~~~~~~~^^^^^^^^^
  File "/home/cs/Desktop/PROJECTS/django_env/lib/python3.13/site-packages/django/template/loader_tags.py", line 160, in render
    return compiled_parent._render(context)
           ~~~~~~~~~~~~~~~~~~~~~~~^^^^^^^^^
  File "/home/cs/Desktop/PROJECTS/django_env/lib/python3.13/site-packages/django/template/base.py", line 166, in _render
    return self.nodelist.render(context)
           ~~~~~~~~~~~~~~~~~~~~^^^^^^^^^
  File "/home/cs/Desktop/PROJECTS/django_env/lib/python3.13/site-packages/django/template/base.py", line 1091, in render
    return SafeString("".join([node.render_annotated(context) for node in self]))
                               ~~~~~~~~~~~~~~~~~~~~~^^^^^^^^^
  File "/home/cs/Desktop/PROJECTS/django_env/lib/python3.13/site-packages/django/template/base.py", line 1052, in render_annotated
    return self.render(context)
           ~~~~~~~~~~~^^^^^^^^^
  File "/home/cs/Desktop/PROJECTS/django_env/lib/python3.13/site-packages/django/template/loader_tags.py", line 211, in render
    return template.render(context)
           ~~~~~~~~~~~~~~~^^^^^^^^^
  File "/home/cs/Desktop/PROJECTS/django_env/lib/python3.13/site-packages/django/template/base.py", line 176, in render
    return self._render(context)
           ~~~~~~~~~~~~^^^^^^^^^
  File "/home/cs/Desktop/PROJECTS/django_env/lib/python3.13/site-packages/django/template/base.py", line 166, in _render
    return self.nodelist.render(context)
           ~~~~~~~~~~~~~~~~~~~~^^^^^^^^^
  File "/home/cs/Desktop/PROJECTS/django_env/lib/python3.13/site-packages/django/template/base.py", line 1091, in render
    return SafeString("".join([node.render_annotated(context) for node in self]))
                               ~~~~~~~~~~~~~~~~~~~~~^^^^^^^^^
  File "/home/cs/Desktop/PROJECTS/django_env/lib/python3.13/site-packages/django/template/base.py", line 1052, in render_annotated
    return self.render(context)
           ~~~~~~~~~~~^^^^^^^^^
  File "/home/cs/Desktop/PROJECTS/django_env/lib/python3.13/site-packages/django/template/defaulttags.py", line 511, in render
    url = reverse(view_name, args=args, kwargs=kwargs, current_app=current_app)
  File "/home/cs/Desktop/PROJECTS/django_env/lib/python3.13/site-packages/django/urls/base.py", line 98, in reverse
    resolved_url = resolver._reverse_with_prefix(view, prefix, *args, **kwargs)
  File "/home/cs/Desktop/PROJECTS/django_env/lib/python3.13/site-packages/django/urls/resolvers.py", line 842, in _reverse_with_prefix
    raise NoReverseMatch(msg)
django.urls.exceptions.NoReverseMatch: Reverse for 'contact-messages-list' not found. 'contact-messages-list' is not a valid view function or pattern name.
ERROR 2026-02-06 03:59:31,772 log 691674 140125254186688 "GET / HTTP/1.1" 500 172048
ERROR 2026-02-06 04:01:09,256 log 691674 140125254186688 Internal Server Error: /
Traceback (most recent call last):
  File "/home/cs/Desktop/PROJECTS/django_env/lib/python3.13/site-packages/django/core/handlers/exception.py", line 55, in inner
    response = get_response(request)
  File "/home/cs/Desktop/PROJECTS/django_env/lib/python3.13/site-packages/django/core/handlers/base.py", line 198, in _get_response
    response = wrapped_callback(request, *callback_args, **callback_kwargs)
  File "/home/cs/Desktop/PROJECTS/kacaf/pages/views.py", line 6, in public_dashboard
    return render(request, 'dashboard/public_dashboard.html')
  File "/home/cs/Desktop/PROJECTS/django_env/lib/python3.13/site-packages/django/shortcuts.py", line 25, in render
    content = loader.render_to_string(template_name, context, request, using=using)
  File "/home/cs/Desktop/PROJECTS/django_env/lib/python3.13/site-packages/django/template/loader.py", line 62, in render_to_string
    return template.render(context, request)
           ~~~~~~~~~~~~~~~^^^^^^^^^^^^^^^^^^
  File "/home/cs/Desktop/PROJECTS/django_env/lib/python3.13/site-packages/django/template/backends/django.py", line 107, in render
    return self.template.render(context)
           ~~~~~~~~~~~~~~~~~~~~^^^^^^^^^
  File "/home/cs/Desktop/PROJECTS/django_env/lib/python3.13/site-packages/django/template/base.py", line 174, in render
    return self._render(context)
           ~~~~~~~~~~~~^^^^^^^^^
  File "/home/cs/Desktop/PROJECTS/django_env/lib/python3.13/site-packages/django/template/base.py", line 166, in _render
    return self.nodelist.render(context)
           ~~~~~~~~~~~~~~~~~~~~^^^^^^^^^
  File "/home/cs/Desktop/PROJECTS/django_env/lib/python3.13/site-packages/django/template/base.py", line 1091, in render
    return SafeString("".join([node.render_annotated(context) for node in self]))
                               ~~~~~~~~~~~~~~~~~~~~~^^^^^^^^^
  File "/home/cs/Desktop/PROJECTS/django_env/lib/python3.13/site-packages/django/template/base.py", line 1052, in render_annotated
    return self.render(context)
           ~~~~~~~~~~~^^^^^^^^^
  File "/home/cs/Desktop/PROJECTS/django_env/lib/python3.13/site-packages/django/template/loader_tags.py", line 160, in render
    return compiled_parent._render(context)
           ~~~~~~~~~~~~~~~~~~~~~~~^^^^^^^^^
  File "/home/cs/Desktop/PROJECTS/django_env/lib/python3.13/site-packages/django/template/base.py", line 166, in _render
    return self.nodelist.render(context)
           ~~~~~~~~~~~~~~~~~~~~^^^^^^^^^
  File "/home/cs/Desktop/PROJECTS/django_env/lib/python3.13/site-packages/django/template/base.py", line 1091, in render
    return SafeString("".join([node.render_annotated(context) for node in self]))
                               ~~~~~~~~~~~~~~~~~~~~~^^^^^^^^^
  File "/home/cs/Desktop/PROJECTS/django_env/lib/python3.13/site-packages/django/template/base.py", line 1052, in render_annotated
    return self.render(context)
           ~~~~~~~~~~~^^^^^^^^^
  File "/home/cs/Desktop/PROJECTS/django_env/lib/python3.13/site-packages/django/template/loader_tags.py", line 211, in render
    return template.render(context)
           ~~~~~~~~~~~~~~~^^^^^^^^^
  File "/home/cs/Desktop/PROJECTS/django_env/lib/python3.13/site-packages/django/template/base.py", line 176, in render
    return self._render(context)
           ~~~~~~~~~~~~^^^^^^^^^
  File "/home/cs/Desktop/PROJECTS/django_env/lib/python3.13/site-packages/django/template/base.py", line 166, in _render
    return self.nodelist.render(context)
           ~~~~~~~~~~~~~~~~~~~~^^^^^^^^^
  File "/home/cs/Desktop/PROJECTS/django_env/lib/python3.13/site-packages/django/template/base.py", line 1091, in render
    return SafeString("".join([node.render_annotated(context) for node in self]))
                               ~~~~~~~~~~~~~~~~~~~~~^^^^^^^^^
  File "/home/cs/Desktop/PROJECTS/django_env/lib/python3.13/site-packages/django/template/base.py", line 1052, in render_annotated
    return self.render(context)
           ~~~~~~~~~~~^^^^^^^^^
  File "/home/cs/Desktop/PROJECTS/django_env/lib/python3.13/site-packages/django/template/defaulttags.py", line 333, in render
    return nodelist.render(context)
           ~~~~~~~~~~~~~~~^^^^^^^^^
  File "/home/cs/Desktop/PROJECTS/django_env/lib/python3.13/site-packages/django/template/base.py", line 1091, in render
    return SafeString("".join([node.render_annotated(context) for node in self]))
                               ~~~~~~~~~~~~~~~~~~~~~^^^^^^^^^
  File "/home/cs/Desktop/PROJECTS/django_env/lib/python3.13/site-packages/django/template/base.py", line 1052, in render_annotated
    return self.render(context)
           ~~~~~~~~~~~^^^^^^^^^
  File "/home/cs/Desktop/PROJECTS/django_env/lib/python3.13/site-packages/django/template/defaulttags.py", line 511, in render
    url = reverse(view_name, args=args, kwargs=kwargs, current_app=current_app)
  File "/home/cs/Desktop/PROJECTS/django_env/lib/python3.13/site-packages/django/urls/base.py", line 98, in reverse
    resolved_url = resolver._reverse_with_prefix(view, prefix, *args, **kwargs)
  File "/home/cs/Desktop/PROJECTS/django_env/lib/python3.13/site-packages/django/urls/resolvers.py", line 842, in _reverse_with_prefix
    raise NoReverseMatch(msg)
django.urls.exceptions.NoReverseMatch: Reverse for 'dashboard' not found. 'dashboard' is not a valid view function or pattern name.
ERROR 2026-02-06 04:01:09,263 log 691674 140125254186688 "GET / HTTP/1.1" 500 185985
ERROR 2026-02-06 04:06:18,073 log 691674 140125254186688 Internal Server Error: /
Traceback (most recent call last):
  File "/home/cs/Desktop/PROJECTS/django_env/lib/python3.13/site-packages/django/core/handlers/exception.py", line 55, in inner
    response = get_response(request)
  File "/home/cs/Desktop/PROJECTS/django_env/lib/python3.13/site-packages/django/core/handlers/base.py", line 198, in _get_response
    response = wrapped_callback(request, *callback_args, **callback_kwargs)
  File "/home/cs/Desktop/PROJECTS/kacaf/pages/views.py", line 6, in public_dashboard
    return render(request, 'dashboard/public_dashboard.html')
  File "/home/cs/Desktop/PROJECTS/django_env/lib/python3.13/site-packages/django/shortcuts.py", line 25, in render
    content = loader.render_to_string(template_name, context, request, using=using)
  File "/home/cs/Desktop/PROJECTS/django_env/lib/python3.13/site-packages/django/template/loader.py", line 62, in render_to_string
    return template.render(context, request)
           ~~~~~~~~~~~~~~~^^^^^^^^^^^^^^^^^^
  File "/home/cs/Desktop/PROJECTS/django_env/lib/python3.13/site-packages/django/template/backends/django.py", line 107, in render
    return self.template.render(context)
           ~~~~~~~~~~~~~~~~~~~~^^^^^^^^^
  File "/home/cs/Desktop/PROJECTS/django_env/lib/python3.13/site-packages/django/template/base.py", line 174, in render
    return self._render(context)
           ~~~~~~~~~~~~^^^^^^^^^
  File "/home/cs/Desktop/PROJECTS/django_env/lib/python3.13/site-packages/django/template/base.py", line 166, in _render
    return self.nodelist.render(context)
           ~~~~~~~~~~~~~~~~~~~~^^^^^^^^^
  File "/home/cs/Desktop/PROJECTS/django_env/lib/python3.13/site-packages/django/template/base.py", line 1091, in render
    return SafeString("".join([node.render_annotated(context) for node in self]))
                               ~~~~~~~~~~~~~~~~~~~~~^^^^^^^^^
  File "/home/cs/Desktop/PROJECTS/django_env/lib/python3.13/site-packages/django/template/base.py", line 1052, in render_annotated
    return self.render(context)
           ~~~~~~~~~~~^^^^^^^^^
  File "/home/cs/Desktop/PROJECTS/django_env/lib/python3.13/site-packages/django/template/loader_tags.py", line 160, in render
    return compiled_parent._render(context)
           ~~~~~~~~~~~~~~~~~~~~~~~^^^^^^^^^
  File "/home/cs/Desktop/PROJECTS/django_env/lib/python3.13/site-packages/django/template/base.py", line 166, in _render
    return self.nodelist.render(context)
           ~~~~~~~~~~~~~~~~~~~~^^^^^^^^^
  File "/home/cs/Desktop/PROJECTS/django_env/lib/python3.13/site-packages/django/template/base.py", line 1091, in render
    return SafeString("".join([node.render_annotated(context) for node in self]))
                               ~~~~~~~~~~~~~~~~~~~~~^^^^^^^^^
  File "/home/cs/Desktop/PROJECTS/django_env/lib/python3.13/site-packages/django/template/base.py", line 1052, in render_annotated
    return self.render(context)
           ~~~~~~~~~~~^^^^^^^^^
  File "/home/cs/Desktop/PROJECTS/django_env/lib/python3.13/site-packages/django/template/loader_tags.py", line 211, in render
    return template.render(context)
           ~~~~~~~~~~~~~~~^^^^^^^^^
  File "/home/cs/Desktop/PROJECTS/django_env/lib/python3.13/site-packages/django/template/base.py", line 176, in render
    return self._render(context)
           ~~~~~~~~~~~~^^^^^^^^^
  File "/home/cs/Desktop/PROJECTS/django_env/lib/python3.13/site-packages/django/template/base.py", line 166, in _render
    return self.nodelist.render(context)
           ~~~~~~~~~~~~~~~~~~~~^^^^^^^^^
  File "/home/cs/Desktop/PROJECTS/django_env/lib/python3.13/site-packages/django/template/base.py", line 1091, in render
    return SafeString("".join([node.render_annotated(context) for node in self]))
                               ~~~~~~~~~~~~~~~~~~~~~^^^^^^^^^
  File "/home/cs/Desktop/PROJECTS/django_env/lib/python3.13/site-packages/django/template/base.py", line 1052, in render_annotated
    return self.render(context)
           ~~~~~~~~~~~^^^^^^^^^
  File "/home/cs/Desktop/PROJECTS/django_env/lib/python3.13/site-packages/django/template/defaulttags.py", line 333, in render
    return nodelist.render(context)
           ~~~~~~~~~~~~~~~^^^^^^^^^
  File "/home/cs/Desktop/PROJECTS/django_env/lib/python3.13/site-packages/django/template/base.py", line 1091, in render
    return SafeString("".join([node.render_annotated(context) for node in self]))
                               ~~~~~~~~~~~~~~~~~~~~~^^^^^^^^^
  File "/home/cs/Desktop/PROJECTS/django_env/lib/python3.13/site-packages/django/template/base.py", line 1052, in render_annotated
    return self.render(context)
           ~~~~~~~~~~~^^^^^^^^^
  File "/home/cs/Desktop/PROJECTS/django_env/lib/python3.13/site-packages/django/template/defaulttags.py", line 511, in render
    url = reverse(view_name, args=args, kwargs=kwargs, current_app=current_app)
  File "/home/cs/Desktop/PROJECTS/django_env/lib/python3.13/site-packages/django/urls/base.py", line 98, in reverse
    resolved_url = resolver._reverse_with_prefix(view, prefix, *args, **kwargs)
  File "/home/cs/Desktop/PROJECTS/django_env/lib/python3.13/site-packages/django/urls/resolvers.py", line 842, in _reverse_with_prefix
    raise NoReverseMatch(msg)
django.urls.exceptions.NoReverseMatch: Reverse for 'profile-detail' with arguments '('',)' not found. 1 pattern(s) tried: ['api/accounts/profiles/(?P<pk>[^/.]+)/$']
ERROR 2026-02-06 04:06:18,081 log 691674 140125254186688 "GET / HTTP/1.1" 500 189400
ERROR 2026-02-06 04:09:20,743 log 691674 140125254186688 Internal Server Error: /
Traceback (most recent call last):
  File "/home/cs/Desktop/PROJECTS/django_env/lib/python3.13/site-packages/django/core/handlers/exception.py", line 55, in inner
    response = get_response(request)
  File "/home/cs/Desktop/PROJECTS/django_env/lib/python3.13/site-packages/django/core/handlers/base.py", line 198, in _get_response
    response = wrapped_callback(request, *callback_args, **callback_kwargs)
  File "/home/cs/Desktop/PROJECTS/kacaf/pages/views.py", line 6, in public_dashboard
    return render(request, 'dashboard/public_dashboard.html')
  File "/home/cs/Desktop/PROJECTS/django_env/lib/python3.13/site-packages/django/shortcuts.py", line 25, in render
    content = loader.render_to_string(template_name, context, request, using=using)
  File "/home/cs/Desktop/PROJECTS/django_env/lib/python3.13/site-packages/django/template/loader.py", line 62, in render_to_string
    return template.render(context, request)
           ~~~~~~~~~~~~~~~^^^^^^^^^^^^^^^^^^
  File "/home/cs/Desktop/PROJECTS/django_env/lib/python3.13/site-packages/django/template/backends/django.py", line 107, in render
    return self.template.render(context)
           ~~~~~~~~~~~~~~~~~~~~^^^^^^^^^
  File "/home/cs/Desktop/PROJECTS/django_env/lib/python3.13/site-packages/django/template/base.py", line 174, in render
    return self._render(context)
           ~~~~~~~~~~~~^^^^^^^^^
  File "/home/cs/Desktop/PROJECTS/django_env/lib/python3.13/site-packages/django/template/base.py", line 166, in _render
    return self.nodelist.render(context)
           ~~~~~~~~~~~~~~~~~~~~^^^^^^^^^
  File "/home/cs/Desktop/PROJECTS/django_env/lib/python3.13/site-packages/django/template/base.py", line 1091, in render
    return SafeString("".join([node.render_annotated(context) for node in self]))
                               ~~~~~~~~~~~~~~~~~~~~~^^^^^^^^^
  File "/home/cs/Desktop/PROJECTS/django_env/lib/python3.13/site-packages/django/template/base.py", line 1052, in render_annotated
    return self.render(context)
           ~~~~~~~~~~~^^^^^^^^^
  File "/home/cs/Desktop/PROJECTS/django_env/lib/python3.13/site-packages/django/template/loader_tags.py", line 160, in render
    return compiled_parent._render(context)
           ~~~~~~~~~~~~~~~~~~~~~~~^^^^^^^^^
  File "/home/cs/Desktop/PROJECTS/django_env/lib/python3.13/site-packages/django/template/base.py", line 166, in _render
    return self.nodelist.render(context)
           ~~~~~~~~~~~~~~~~~~~~^^^^^^^^^
  File "/home/cs/Desktop/PROJECTS/django_env/lib/python3.13/site-packages/django/template/base.py", line 1091, in render
    return SafeString("".join([node.render_annotated(context) for node in self]))
                               ~~~~~~~~~~~~~~~~~~~~~^^^^^^^^^
  File "/home/cs/Desktop/PROJECTS/django_env/lib/python3.13/site-packages/django/template/base.py", line 1052, in render_annotated
    return self.render(context)
           ~~~~~~~~~~~^^^^^^^^^
  File "/home/cs/Desktop/PROJECTS/django_env/lib/python3.13/site-packages/django/template/loader_tags.py", line 211, in render
    return template.render(context)
           ~~~~~~~~~~~~~~~^^^^^^^^^
  File "/home/cs/Desktop/PROJECTS/django_env/lib/python3.13/site-packages/django/template/base.py", line 176, in render
    return self._render(context)
           ~~~~~~~~~~~~^^^^^^^^^
  File "/home/cs/Desktop/PROJECTS/django_env/lib/python3.13/site-packages/django/template/base.py", line 166, in _render
    return self.nodelist.render(context)
           ~~~~~~~~~~~~~~~~~~~~^^^^^^^^^
  File "/home/cs/Desktop/PROJECTS/django_env/lib/python3.13/site-packages/django/template/base.py", line 1091, in render
    return SafeString("".join([node.render_annotated(context) for node in self]))
                               ~~~~~~~~~~~~~~~~~~~~~^^^^^^^^^
  File "/home/cs/Desktop/PROJECTS/django_env/lib/python3.13/site-packages/django/template/base.py", line 1052, in render_annotated
    return self.render(context)
           ~~~~~~~~~~~^^^^^^^^^
  File "/home/cs/Desktop/PROJECTS/django_env/lib/python3.13/site-packages/django/template/defaulttags.py", line 333, in render
    return nodelist.render(context)
           ~~~~~~~~~~~~~~~^^^^^^^^^
  File "/home/cs/Desktop/PROJECTS/django_env/lib/python3.13/site-packages/django/template/base.py", line 1091, in render
    return SafeString("".join([node.render_annotated(context) for node in self]))
                               ~~~~~~~~~~~~~~~~~~~~~^^^^^^^^^
  File "/home/cs/Desktop/PROJECTS/django_env/lib/python3.13/site-packages/django/template/base.py", line 1052, in render_annotated
    return self.render(context)
           ~~~~~~~~~~~^^^^^^^^^
  File "/home/cs/Desktop/PROJECTS/django_env/lib/python3.13/site-packages/django/template/defaulttags.py", line 511, in render
    url = reverse(view_name, args=args, kwargs=kwargs, current_app=current_app)
  File "/home/cs/Desktop/PROJECTS/django_env/lib/python3.13/site-packages/django/urls/base.py", line 98, in reverse
    resolved_url = resolver._reverse_with_prefix(view, prefix, *args, **kwargs)
  File "/home/cs/Desktop/PROJECTS/django_env/lib/python3.13/site-packages/django/urls/resolvers.py", line 842, in _reverse_with_prefix
    raise NoReverseMatch(msg)
django.urls.exceptions.NoReverseMatch: Reverse for 'logout' not found. 'logout' is not a valid view function or pattern name.
ERROR 2026-02-06 04:09:20,750 log 691674 140125254186688 "GET / HTTP/1.1" 500 185392
ERROR 2026-02-06 04:11:30,056 log 691674 140125254186688 Internal Server Error: /
Traceback (most recent call last):
  File "/home/cs/Desktop/PROJECTS/django_env/lib/python3.13/site-packages/django/core/handlers/exception.py", line 55, in inner
    response = get_response(request)
  File "/home/cs/Desktop/PROJECTS/django_env/lib/python3.13/site-packages/django/core/handlers/base.py", line 198, in _get_response
    response = wrapped_callback(request, *callback_args, **callback_kwargs)
  File "/home/cs/Desktop/PROJECTS/kacaf/pages/views.py", line 6, in public_dashboard
    return render(request, 'dashboard/public_dashboard.html')
  File "/home/cs/Desktop/PROJECTS/django_env/lib/python3.13/site-packages/django/shortcuts.py", line 25, in render
    content = loader.render_to_string(template_name, context, request, using=using)
  File "/home/cs/Desktop/PROJECTS/django_env/lib/python3.13/site-packages/django/template/loader.py", line 62, in render_to_string
    return template.render(context, request)
           ~~~~~~~~~~~~~~~^^^^^^^^^^^^^^^^^^
  File "/home/cs/Desktop/PROJECTS/django_env/lib/python3.13/site-packages/django/template/backends/django.py", line 107, in render
    return self.template.render(context)
           ~~~~~~~~~~~~~~~~~~~~^^^^^^^^^
  File "/home/cs/Desktop/PROJECTS/django_env/lib/python3.13/site-packages/django/template/base.py", line 174, in render
    return self._render(context)
           ~~~~~~~~~~~~^^^^^^^^^
  File "/home/cs/Desktop/PROJECTS/django_env/lib/python3.13/site-packages/django/template/base.py", line 166, in _render
    return self.nodelist.render(context)
           ~~~~~~~~~~~~~~~~~~~~^^^^^^^^^
  File "/home/cs/Desktop/PROJECTS/django_env/lib/python3.13/site-packages/django/template/base.py", line 1091, in render
    return SafeString("".join([node.render_annotated(context) for node in self]))
                               ~~~~~~~~~~~~~~~~~~~~~^^^^^^^^^
  File "/home/cs/Desktop/PROJECTS/django_env/lib/python3.13/site-packages/django/template/base.py", line 1052, in render_annotated
    return self.render(context)
           ~~~~~~~~~~~^^^^^^^^^
  File "/home/cs/Desktop/PROJECTS/django_env/lib/python3.13/site-packages/django/template/loader_tags.py", line 160, in render
    return compiled_parent._render(context)
           ~~~~~~~~~~~~~~~~~~~~~~~^^^^^^^^^
  File "/home/cs/Desktop/PROJECTS/django_env/lib/python3.13/site-packages/django/template/base.py", line 166, in _render
    return self.nodelist.render(context)
           ~~~~~~~~~~~~~~~~~~~~^^^^^^^^^
  File "/home/cs/Desktop/PROJECTS/django_env/lib/python3.13/site-packages/django/template/base.py", line 1091, in render
    return SafeString("".join([node.render_annotated(context) for node in self]))
                               ~~~~~~~~~~~~~~~~~~~~~^^^^^^^^^
  File "/home/cs/Desktop/PROJECTS/django_env/lib/python3.13/site-packages/django/template/base.py", line 1052, in render_annotated
    return self.render(context)
           ~~~~~~~~~~~^^^^^^^^^
  File "/home/cs/Desktop/PROJECTS/django_env/lib/python3.13/site-packages/django/template/loader_tags.py", line 211, in render
    return template.render(context)
           ~~~~~~~~~~~~~~~^^^^^^^^^
  File "/home/cs/Desktop/PROJECTS/django_env/lib/python3.13/site-packages/django/template/base.py", line 176, in render
    return self._render(context)
           ~~~~~~~~~~~~^^^^^^^^^
  File "/home/cs/Desktop/PROJECTS/django_env/lib/python3.13/site-packages/django/template/base.py", line 166, in _render
    return self.nodelist.render(context)
           ~~~~~~~~~~~~~~~~~~~~^^^^^^^^^
  File "/home/cs/Desktop/PROJECTS/django_env/lib/python3.13/site-packages/django/template/base.py", line 1091, in render
    return SafeString("".join([node.render_annotated(context) for node in self]))
                               ~~~~~~~~~~~~~~~~~~~~~^^^^^^^^^
  File "/home/cs/Desktop/PROJECTS/django_env/lib/python3.13/site-packages/django/template/base.py", line 1052, in render_annotated
    return self.render(context)
           ~~~~~~~~~~~^^^^^^^^^
  File "/home/cs/Desktop/PROJECTS/django_env/lib/python3.13/site-packages/django/template/defaulttags.py", line 511, in render
    url = reverse(view_name, args=args, kwargs=kwargs, current_app=current_app)
  File "/home/cs/Desktop/PROJECTS/django_env/lib/python3.13/site-packages/django/urls/base.py", line 98, in reverse
    resolved_url = resolver._reverse_with_prefix(view, prefix, *args, **kwargs)
  File "/home/cs/Desktop/PROJECTS/django_env/lib/python3.13/site-packages/django/urls/resolvers.py", line 842, in _reverse_with_prefix
    raise NoReverseMatch(msg)
django.urls.exceptions.NoReverseMatch: Reverse for 'home' not found. 'home' is not a valid view function or pattern name.
ERROR 2026-02-06 04:11:30,079 log 691674 140125254186688 "GET / HTTP/1.1" 500 170308
ERROR 2026-02-06 04:13:56,930 log 691674 140125254186688 Internal Server Error: /
Traceback (most recent call last):
  File "/home/cs/Desktop/PROJECTS/django_env/lib/python3.13/site-packages/django/core/handlers/exception.py", line 55, in inner
    response = get_response(request)
  File "/home/cs/Desktop/PROJECTS/django_env/lib/python3.13/site-packages/django/core/handlers/base.py", line 198, in _get_response
    response = wrapped_callback(request, *callback_args, **callback_kwargs)
  File "/home/cs/Desktop/PROJECTS/kacaf/pages/views.py", line 6, in public_dashboard
    return render(request, 'dashboard/public_dashboard.html')
  File "/home/cs/Desktop/PROJECTS/django_env/lib/python3.13/site-packages/django/shortcuts.py", line 25, in render
    content = loader.render_to_string(template_name, context, request, using=using)
  File "/home/cs/Desktop/PROJECTS/django_env/lib/python3.13/site-packages/django/template/loader.py", line 62, in render_to_string
    return template.render(context, request)
           ~~~~~~~~~~~~~~~^^^^^^^^^^^^^^^^^^
  File "/home/cs/Desktop/PROJECTS/django_env/lib/python3.13/site-packages/django/template/backends/django.py", line 107, in render
    return self.template.render(context)
           ~~~~~~~~~~~~~~~~~~~~^^^^^^^^^
  File "/home/cs/Desktop/PROJECTS/django_env/lib/python3.13/site-packages/django/template/base.py", line 174, in render
    return self._render(context)
           ~~~~~~~~~~~~^^^^^^^^^
  File "/home/cs/Desktop/PROJECTS/django_env/lib/python3.13/site-packages/django/template/base.py", line 166, in _render
    return self.nodelist.render(context)
           ~~~~~~~~~~~~~~~~~~~~^^^^^^^^^
  File "/home/cs/Desktop/PROJECTS/django_env/lib/python3.13/site-packages/django/template/base.py", line 1091, in render
    return SafeString("".join([node.render_annotated(context) for node in self]))
                               ~~~~~~~~~~~~~~~~~~~~~^^^^^^^^^
  File "/home/cs/Desktop/PROJECTS/django_env/lib/python3.13/site-packages/django/template/base.py", line 1052, in render_annotated
    return self.render(context)
           ~~~~~~~~~~~^^^^^^^^^
  File "/home/cs/Desktop/PROJECTS/django_env/lib/python3.13/site-packages/django/template/loader_tags.py", line 160, in render
    return compiled_parent._render(context)
           ~~~~~~~~~~~~~~~~~~~~~~~^^^^^^^^^
  File "/home/cs/Desktop/PROJECTS/django_env/lib/python3.13/site-packages/django/template/base.py", line 166, in _render
    return self.nodelist.render(context)
           ~~~~~~~~~~~~~~~~~~~~^^^^^^^^^
  File "/home/cs/Desktop/PROJECTS/django_env/lib/python3.13/site-packages/django/template/base.py", line 1091, in render
    return SafeString("".join([node.render_annotated(context) for node in self]))
                               ~~~~~~~~~~~~~~~~~~~~~^^^^^^^^^
  File "/home/cs/Desktop/PROJECTS/django_env/lib/python3.13/site-packages/django/template/base.py", line 1052, in render_annotated
    return self.render(context)
           ~~~~~~~~~~~^^^^^^^^^
  File "/home/cs/Desktop/PROJECTS/django_env/lib/python3.13/site-packages/django/template/loader_tags.py", line 211, in render
    return template.render(context)
           ~~~~~~~~~~~~~~~^^^^^^^^^
  File "/home/cs/Desktop/PROJECTS/django_env/lib/python3.13/site-packages/django/template/base.py", line 176, in render
    return self._render(context)
           ~~~~~~~~~~~~^^^^^^^^^
  File "/home/cs/Desktop/PROJECTS/django_env/lib/python3.13/site-packages/django/template/base.py", line 166, in _render
    return self.nodelist.render(context)
           ~~~~~~~~~~~~~~~~~~~~^^^^^^^^^
  File "/home/cs/Desktop/PROJECTS/django_env/lib/python3.13/site-packages/django/template/base.py", line 1091, in render
    return SafeString("".join([node.render_annotated(context) for node in self]))
                               ~~~~~~~~~~~~~~~~~~~~~^^^^^^^^^
  File "/home/cs/Desktop/PROJECTS/django_env/lib/python3.13/site-packages/django/template/base.py", line 1052, in render_annotated
    return self.render(context)
           ~~~~~~~~~~~^^^^^^^^^
  File "/home/cs/Desktop/PROJECTS/django_env/lib/python3.13/site-packages/django/template/defaulttags.py", line 333, in render
    return nodelist.render(context)
           ~~~~~~~~~~~~~~~^^^^^^^^^
  File "/home/cs/Desktop/PROJECTS/django_env/lib/python3.13/site-packages/django/template/base.py", line 1091, in render
    return SafeString("".join([node.render_annotated(context) for node in self]))
                               ~~~~~~~~~~~~~~~~~~~~~^^^^^^^^^
  File "/home/cs/Desktop/PROJECTS/django_env/lib/python3.13/site-packages/django/template/base.py", line 1052, in render_annotated
    return self.render(context)
           ~~~~~~~~~~~^^^^^^^^^
  File "/home/cs/Desktop/PROJECTS/django_env/lib/python3.13/site-packages/django/template/defaulttags.py", line 511, in render
    url = reverse(view_name, args=args, kwargs=kwargs, current_app=current_app)
  File "/home/cs/Desktop/PROJECTS/django_env/lib/python3.13/site-packages/django/urls/base.py", line 98, in reverse
    resolved_url = resolver._reverse_with_prefix(view, prefix, *args, **kwargs)
  File "/home/cs/Desktop/PROJECTS/django_env/lib/python3.13/site-packages/django/urls/resolvers.py", line 842, in _reverse_with_prefix
    raise NoReverseMatch(msg)
django.urls.exceptions.NoReverseMatch: Reverse for 'logout' not found. 'logout' is not a valid view function or pattern name.
ERROR 2026-02-06 04:13:56,957 log 691674 140125254186688 "GET / HTTP/1.1" 500 186050
ERROR 2026-02-06 04:15:41,581 log 691674 140125254186688 Internal Server Error: /
Traceback (most recent call last):
  File "/home/cs/Desktop/PROJECTS/django_env/lib/python3.13/site-packages/django/core/handlers/exception.py", line 55, in inner
    response = get_response(request)
  File "/home/cs/Desktop/PROJECTS/django_env/lib/python3.13/site-packages/django/core/handlers/base.py", line 198, in _get_response
    response = wrapped_callback(request, *callback_args, **callback_kwargs)
  File "/home/cs/Desktop/PROJECTS/kacaf/pages/views.py", line 6, in public_dashboard
    return render(request, 'dashboard/public_dashboard.html')
  File "/home/cs/Desktop/PROJECTS/django_env/lib/python3.13/site-packages/django/shortcuts.py", line 25, in render
    content = loader.render_to_string(template_name, context, request, using=using)
  File "/home/cs/Desktop/PROJECTS/django_env/lib/python3.13/site-packages/django/template/loader.py", line 62, in render_to_string
    return template.render(context, request)
           ~~~~~~~~~~~~~~~^^^^^^^^^^^^^^^^^^
  File "/home/cs/Desktop/PROJECTS/django_env/lib/python3.13/site-packages/django/template/backends/django.py", line 107, in render
    return self.template.render(context)
           ~~~~~~~~~~~~~~~~~~~~^^^^^^^^^
  File "/home/cs/Desktop/PROJECTS/django_env/lib/python3.13/site-packages/django/template/base.py", line 174, in render
    return self._render(context)
           ~~~~~~~~~~~~^^^^^^^^^
  File "/home/cs/Desktop/PROJECTS/django_env/lib/python3.13/site-packages/django/template/base.py", line 166, in _render
    return self.nodelist.render(context)
           ~~~~~~~~~~~~~~~~~~~~^^^^^^^^^
  File "/home/cs/Desktop/PROJECTS/django_env/lib/python3.13/site-packages/django/template/base.py", line 1091, in render
    return SafeString("".join([node.render_annotated(context) for node in self]))
                               ~~~~~~~~~~~~~~~~~~~~~^^^^^^^^^
  File "/home/cs/Desktop/PROJECTS/django_env/lib/python3.13/site-packages/django/template/base.py", line 1052, in render_annotated
    return self.render(context)
           ~~~~~~~~~~~^^^^^^^^^
  File "/home/cs/Desktop/PROJECTS/django_env/lib/python3.13/site-packages/django/template/loader_tags.py", line 160, in render
    return compiled_parent._render(context)
           ~~~~~~~~~~~~~~~~~~~~~~~^^^^^^^^^
  File "/home/cs/Desktop/PROJECTS/django_env/lib/python3.13/site-packages/django/template/base.py", line 166, in _render
    return self.nodelist.render(context)
           ~~~~~~~~~~~~~~~~~~~~^^^^^^^^^
  File "/home/cs/Desktop/PROJECTS/django_env/lib/python3.13/site-packages/django/template/base.py", line 1091, in render
    return SafeString("".join([node.render_annotated(context) for node in self]))
                               ~~~~~~~~~~~~~~~~~~~~~^^^^^^^^^
  File "/home/cs/Desktop/PROJECTS/django_env/lib/python3.13/site-packages/django/template/base.py", line 1052, in render_annotated
    return self.render(context)
           ~~~~~~~~~~~^^^^^^^^^
  File "/home/cs/Desktop/PROJECTS/django_env/lib/python3.13/site-packages/django/template/loader_tags.py", line 211, in render
    return template.render(context)
           ~~~~~~~~~~~~~~~^^^^^^^^^
  File "/home/cs/Desktop/PROJECTS/django_env/lib/python3.13/site-packages/django/template/base.py", line 176, in render
    return self._render(context)
           ~~~~~~~~~~~~^^^^^^^^^
  File "/home/cs/Desktop/PROJECTS/django_env/lib/python3.13/site-packages/django/template/base.py", line 166, in _render
    return self.nodelist.render(context)
           ~~~~~~~~~~~~~~~~~~~~^^^^^^^^^
  File "/home/cs/Desktop/PROJECTS/django_env/lib/python3.13/site-packages/django/template/base.py", line 1091, in render
    return SafeString("".join([node.render_annotated(context) for node in self]))
                               ~~~~~~~~~~~~~~~~~~~~~^^^^^^^^^
  File "/home/cs/Desktop/PROJECTS/django_env/lib/python3.13/site-packages/django/template/base.py", line 1052, in render_annotated
    return self.render(context)
           ~~~~~~~~~~~^^^^^^^^^
  File "/home/cs/Desktop/PROJECTS/django_env/lib/python3.13/site-packages/django/template/defaulttags.py", line 333, in render
    return nodelist.render(context)
           ~~~~~~~~~~~~~~~^^^^^^^^^
  File "/home/cs/Desktop/PROJECTS/django_env/lib/python3.13/site-packages/django/template/base.py", line 1091, in render
    return SafeString("".join([node.render_annotated(context) for node in self]))
                               ~~~~~~~~~~~~~~~~~~~~~^^^^^^^^^
  File "/home/cs/Desktop/PROJECTS/django_env/lib/python3.13/site-packages/django/template/base.py", line 1052, in render_annotated
    return self.render(context)
           ~~~~~~~~~~~^^^^^^^^^
  File "/home/cs/Desktop/PROJECTS/django_env/lib/python3.13/site-packages/django/template/defaulttags.py", line 511, in render
    url = reverse(view_name, args=args, kwargs=kwargs, current_app=current_app)
  File "/home/cs/Desktop/PROJECTS/django_env/lib/python3.13/site-packages/django/urls/base.py", line 98, in reverse
    resolved_url = resolver._reverse_with_prefix(view, prefix, *args, **kwargs)
  File "/home/cs/Desktop/PROJECTS/django_env/lib/python3.13/site-packages/django/urls/resolvers.py", line 842, in _reverse_with_prefix
    raise NoReverseMatch(msg)
django.urls.exceptions.NoReverseMatch: Reverse for 'logout' not found. 'logout' is not a valid view function or pattern name.
ERROR 2026-02-06 04:15:41,588 log 691674 140125254186688 "GET / HTTP/1.1" 500 185762
ERROR 2026-02-06 04:18:34,682 log 691674 140125254186688 Internal Server Error: /
Traceback (most recent call last):
  File "/home/cs/Desktop/PROJECTS/django_env/lib/python3.13/site-packages/django/core/handlers/exception.py", line 55, in inner
    response = get_response(request)
  File "/home/cs/Desktop/PROJECTS/django_env/lib/python3.13/site-packages/django/core/handlers/base.py", line 198, in _get_response
    response = wrapped_callback(request, *callback_args, **callback_kwargs)
  File "/home/cs/Desktop/PROJECTS/kacaf/pages/views.py", line 6, in public_dashboard
    return render(request, 'dashboard/public_dashboard.html')
  File "/home/cs/Desktop/PROJECTS/django_env/lib/python3.13/site-packages/django/shortcuts.py", line 25, in render
    content = loader.render_to_string(template_name, context, request, using=using)
  File "/home/cs/Desktop/PROJECTS/django_env/lib/python3.13/site-packages/django/template/loader.py", line 62, in render_to_string
    return template.render(context, request)
           ~~~~~~~~~~~~~~~^^^^^^^^^^^^^^^^^^
  File "/home/cs/Desktop/PROJECTS/django_env/lib/python3.13/site-packages/django/template/backends/django.py", line 107, in render
    return self.template.render(context)
           ~~~~~~~~~~~~~~~~~~~~^^^^^^^^^
  File "/home/cs/Desktop/PROJECTS/django_env/lib/python3.13/site-packages/django/template/base.py", line 174, in render
    return self._render(context)
           ~~~~~~~~~~~~^^^^^^^^^
  File "/home/cs/Desktop/PROJECTS/django_env/lib/python3.13/site-packages/django/template/base.py", line 166, in _render
    return self.nodelist.render(context)
           ~~~~~~~~~~~~~~~~~~~~^^^^^^^^^
  File "/home/cs/Desktop/PROJECTS/django_env/lib/python3.13/site-packages/django/template/base.py", line 1091, in render
    return SafeString("".join([node.render_annotated(context) for node in self]))
                               ~~~~~~~~~~~~~~~~~~~~~^^^^^^^^^
  File "/home/cs/Desktop/PROJECTS/django_env/lib/python3.13/site-packages/django/template/base.py", line 1052, in render_annotated
    return self.render(context)
           ~~~~~~~~~~~^^^^^^^^^
  File "/home/cs/Desktop/PROJECTS/django_env/lib/python3.13/site-packages/django/template/loader_tags.py", line 160, in render
    return compiled_parent._render(context)
           ~~~~~~~~~~~~~~~~~~~~~~~^^^^^^^^^
  File "/home/cs/Desktop/PROJECTS/django_env/lib/python3.13/site-packages/django/template/base.py", line 166, in _render
    return self.nodelist.render(context)
           ~~~~~~~~~~~~~~~~~~~~^^^^^^^^^
  File "/home/cs/Desktop/PROJECTS/django_env/lib/python3.13/site-packages/django/template/base.py", line 1091, in render
    return SafeString("".join([node.render_annotated(context) for node in self]))
                               ~~~~~~~~~~~~~~~~~~~~~^^^^^^^^^
  File "/home/cs/Desktop/PROJECTS/django_env/lib/python3.13/site-packages/django/template/base.py", line 1052, in render_annotated
    return self.render(context)
           ~~~~~~~~~~~^^^^^^^^^
  File "/home/cs/Desktop/PROJECTS/django_env/lib/python3.13/site-packages/django/template/loader_tags.py", line 211, in render
    return template.render(context)
           ~~~~~~~~~~~~~~~^^^^^^^^^
  File "/home/cs/Desktop/PROJECTS/django_env/lib/python3.13/site-packages/django/template/base.py", line 176, in render
    return self._render(context)
           ~~~~~~~~~~~~^^^^^^^^^
  File "/home/cs/Desktop/PROJECTS/django_env/lib/python3.13/site-packages/django/template/base.py", line 166, in _render
    return self.nodelist.render(context)
           ~~~~~~~~~~~~~~~~~~~~^^^^^^^^^
  File "/home/cs/Desktop/PROJECTS/django_env/lib/python3.13/site-packages/django/template/base.py", line 1091, in render
    return SafeString("".join([node.render_annotated(context) for node in self]))
                               ~~~~~~~~~~~~~~~~~~~~~^^^^^^^^^
  File "/home/cs/Desktop/PROJECTS/django_env/lib/python3.13/site-packages/django/template/base.py", line 1052, in render_annotated
    return self.render(context)
           ~~~~~~~~~~~^^^^^^^^^
  File "/home/cs/Desktop/PROJECTS/django_env/lib/python3.13/site-packages/django/template/defaulttags.py", line 511, in render
    url = reverse(view_name, args=args, kwargs=kwargs, current_app=current_app)
  File "/home/cs/Desktop/PROJECTS/django_env/lib/python3.13/site-packages/django/urls/base.py", line 98, in reverse
    resolved_url = resolver._reverse_with_prefix(view, prefix, *args, **kwargs)
  File "/home/cs/Desktop/PROJECTS/django_env/lib/python3.13/site-packages/django/urls/resolvers.py", line 842, in _reverse_with_prefix
    raise NoReverseMatch(msg)
django.urls.exceptions.NoReverseMatch: Reverse for 'home' not found. 'home' is not a valid view function or pattern name.
ERROR 2026-02-06 04:18:34,690 log 691674 140125254186688 "GET / HTTP/1.1" 500 170308
ERROR 2026-02-06 04:22:44,572 log 691674 140125254186688 Internal Server Error: /
Traceback (most recent call last):
  File "/home/cs/Desktop/PROJECTS/django_env/lib/python3.13/site-packages/django/core/handlers/exception.py", line 55, in inner
    response = get_response(request)
  File "/home/cs/Desktop/PROJECTS/django_env/lib/python3.13/site-packages/django/core/handlers/base.py", line 198, in _get_response
    response = wrapped_callback(request, *callback_args, **callback_kwargs)
  File "/home/cs/Desktop/PROJECTS/kacaf/pages/views.py", line 6, in public_dashboard
    return render(request, 'dashboard/public_dashboard.html')
  File "/home/cs/Desktop/PROJECTS/django_env/lib/python3.13/site-packages/django/shortcuts.py", line 25, in render
    content = loader.render_to_string(template_name, context, request, using=using)
  File "/home/cs/Desktop/PROJECTS/django_env/lib/python3.13/site-packages/django/template/loader.py", line 62, in render_to_string
    return template.render(context, request)
           ~~~~~~~~~~~~~~~^^^^^^^^^^^^^^^^^^
  File "/home/cs/Desktop/PROJECTS/django_env/lib/python3.13/site-packages/django/template/backends/django.py", line 107, in render
    return self.template.render(context)
           ~~~~~~~~~~~~~~~~~~~~^^^^^^^^^
  File "/home/cs/Desktop/PROJECTS/django_env/lib/python3.13/site-packages/django/template/base.py", line 174, in render
    return self._render(context)
           ~~~~~~~~~~~~^^^^^^^^^
  File "/home/cs/Desktop/PROJECTS/django_env/lib/python3.13/site-packages/django/template/base.py", line 166, in _render
    return self.nodelist.render(context)
           ~~~~~~~~~~~~~~~~~~~~^^^^^^^^^
  File "/home/cs/Desktop/PROJECTS/django_env/lib/python3.13/site-packages/django/template/base.py", line 1091, in render
    return SafeString("".join([node.render_annotated(context) for node in self]))
                               ~~~~~~~~~~~~~~~~~~~~~^^^^^^^^^
  File "/home/cs/Desktop/PROJECTS/django_env/lib/python3.13/site-packages/django/template/base.py", line 1052, in render_annotated
    return self.render(context)
           ~~~~~~~~~~~^^^^^^^^^
  File "/home/cs/Desktop/PROJECTS/django_env/lib/python3.13/site-packages/django/template/loader_tags.py", line 160, in render
    return compiled_parent._render(context)
           ~~~~~~~~~~~~~~~~~~~~~~~^^^^^^^^^
  File "/home/cs/Desktop/PROJECTS/django_env/lib/python3.13/site-packages/django/template/base.py", line 166, in _render
    return self.nodelist.render(context)
           ~~~~~~~~~~~~~~~~~~~~^^^^^^^^^
  File "/home/cs/Desktop/PROJECTS/django_env/lib/python3.13/site-packages/django/template/base.py", line 1091, in render
    return SafeString("".join([node.render_annotated(context) for node in self]))
                               ~~~~~~~~~~~~~~~~~~~~~^^^^^^^^^
  File "/home/cs/Desktop/PROJECTS/django_env/lib/python3.13/site-packages/django/template/base.py", line 1052, in render_annotated
    return self.render(context)
           ~~~~~~~~~~~^^^^^^^^^
  File "/home/cs/Desktop/PROJECTS/django_env/lib/python3.13/site-packages/django/template/defaulttags.py", line 333, in render
    return nodelist.render(context)
           ~~~~~~~~~~~~~~~^^^^^^^^^
  File "/home/cs/Desktop/PROJECTS/django_env/lib/python3.13/site-packages/django/template/base.py", line 1091, in render
    return SafeString("".join([node.render_annotated(context) for node in self]))
                               ~~~~~~~~~~~~~~~~~~~~~^^^^^^^^^
  File "/home/cs/Desktop/PROJECTS/django_env/lib/python3.13/site-packages/django/template/base.py", line 1052, in render_annotated
    return self.render(context)
           ~~~~~~~~~~~^^^^^^^^^
  File "/home/cs/Desktop/PROJECTS/django_env/lib/python3.13/site-packages/django/template/loader_tags.py", line 211, in render
    return template.render(context)
           ~~~~~~~~~~~~~~~^^^^^^^^^
  File "/home/cs/Desktop/PROJECTS/django_env/lib/python3.13/site-packages/django/template/base.py", line 176, in render
    return self._render(context)
           ~~~~~~~~~~~~^^^^^^^^^
  File "/home/cs/Desktop/PROJECTS/django_env/lib/python3.13/site-packages/django/template/base.py", line 166, in _render
    return self.nodelist.render(context)
           ~~~~~~~~~~~~~~~~~~~~^^^^^^^^^
  File "/home/cs/Desktop/PROJECTS/django_env/lib/python3.13/site-packages/django/template/base.py", line 1091, in render
    return SafeString("".join([node.render_annotated(context) for node in self]))
                               ~~~~~~~~~~~~~~~~~~~~~^^^^^^^^^
  File "/home/cs/Desktop/PROJECTS/django_env/lib/python3.13/site-packages/django/template/base.py", line 1052, in render_annotated
    return self.render(context)
           ~~~~~~~~~~~^^^^^^^^^
  File "/home/cs/Desktop/PROJECTS/django_env/lib/python3.13/site-packages/django/template/defaulttags.py", line 511, in render
    url = reverse(view_name, args=args, kwargs=kwargs, current_app=current_app)
  File "/home/cs/Desktop/PROJECTS/django_env/lib/python3.13/site-packages/django/urls/base.py", line 98, in reverse
    resolved_url = resolver._reverse_with_prefix(view, prefix, *args, **kwargs)
  File "/home/cs/Desktop/PROJECTS/django_env/lib/python3.13/site-packages/django/urls/resolvers.py", line 842, in _reverse_with_prefix
    raise NoReverseMatch(msg)
django.urls.exceptions.NoReverseMatch: Reverse for 'dashboard' not found. 'dashboard' is not a valid view function or pattern name.
ERROR 2026-02-06 04:22:44,585 log 691674 140125254186688 "GET / HTTP/1.1" 500 184408
ERROR 2026-02-07 10:46:37,030 log 272579 139927362729664 You're accessing the development server over HTTPS, but it only supports HTTP.
ERROR 2026-02-07 10:46:37,058 log 272579 139927362729664 You're accessing the development server over HTTPS, but it only supports HTTP.
ERROR 2026-02-07 10:47:33,526 log 273100 140455155070656 Internal Server Error: /
Traceback (most recent call last):
  File "/home/cs/Desktop/PROJECTS/django_env/lib/python3.13/site-packages/django/core/handlers/exception.py", line 55, in inner
    response = get_response(request)
  File "/home/cs/Desktop/PROJECTS/django_env/lib/python3.13/site-packages/django/core/handlers/base.py", line 198, in _get_response
    response = wrapped_callback(request, *callback_args, **callback_kwargs)
  File "/home/cs/Desktop/PROJECTS/kacaf/pages/views.py", line 6, in public_dashboard
    return render(request, 'dashboard/public_dashboard.html')
  File "/home/cs/Desktop/PROJECTS/django_env/lib/python3.13/site-packages/django/shortcuts.py", line 25, in render
    content = loader.render_to_string(template_name, context, request, using=using)
  File "/home/cs/Desktop/PROJECTS/django_env/lib/python3.13/site-packages/django/template/loader.py", line 62, in render_to_string
    return template.render(context, request)
           ~~~~~~~~~~~~~~~^^^^^^^^^^^^^^^^^^
  File "/home/cs/Desktop/PROJECTS/django_env/lib/python3.13/site-packages/django/template/backends/django.py", line 107, in render
    return self.template.render(context)
           ~~~~~~~~~~~~~~~~~~~~^^^^^^^^^
  File "/home/cs/Desktop/PROJECTS/django_env/lib/python3.13/site-packages/django/template/base.py", line 174, in render
    return self._render(context)
           ~~~~~~~~~~~~^^^^^^^^^
  File "/home/cs/Desktop/PROJECTS/django_env/lib/python3.13/site-packages/django/template/base.py", line 166, in _render
    return self.nodelist.render(context)
           ~~~~~~~~~~~~~~~~~~~~^^^^^^^^^
  File "/home/cs/Desktop/PROJECTS/django_env/lib/python3.13/site-packages/django/template/base.py", line 1091, in render
    return SafeString("".join([node.render_annotated(context) for node in self]))
                               ~~~~~~~~~~~~~~~~~~~~~^^^^^^^^^
  File "/home/cs/Desktop/PROJECTS/django_env/lib/python3.13/site-packages/django/template/base.py", line 1052, in render_annotated
    return self.render(context)
           ~~~~~~~~~~~^^^^^^^^^
  File "/home/cs/Desktop/PROJECTS/django_env/lib/python3.13/site-packages/django/template/loader_tags.py", line 160, in render
    return compiled_parent._render(context)
           ~~~~~~~~~~~~~~~~~~~~~~~^^^^^^^^^
  File "/home/cs/Desktop/PROJECTS/django_env/lib/python3.13/site-packages/django/template/base.py", line 166, in _render
    return self.nodelist.render(context)
           ~~~~~~~~~~~~~~~~~~~~^^^^^^^^^
  File "/home/cs/Desktop/PROJECTS/django_env/lib/python3.13/site-packages/django/template/base.py", line 1091, in render
    return SafeString("".join([node.render_annotated(context) for node in self]))
                               ~~~~~~~~~~~~~~~~~~~~~^^^^^^^^^
  File "/home/cs/Desktop/PROJECTS/django_env/lib/python3.13/site-packages/django/template/base.py", line 1052, in render_annotated
    return self.render(context)
           ~~~~~~~~~~~^^^^^^^^^
  File "/home/cs/Desktop/PROJECTS/django_env/lib/python3.13/site-packages/django/template/defaulttags.py", line 333, in render
    return nodelist.render(context)
           ~~~~~~~~~~~~~~~^^^^^^^^^
  File "/home/cs/Desktop/PROJECTS/django_env/lib/python3.13/site-packages/django/template/base.py", line 1091, in render
    return SafeString("".join([node.render_annotated(context) for node in self]))
                               ~~~~~~~~~~~~~~~~~~~~~^^^^^^^^^
  File "/home/cs/Desktop/PROJECTS/django_env/lib/python3.13/site-packages/django/template/base.py", line 1052, in render_annotated
    return self.render(context)
           ~~~~~~~~~~~^^^^^^^^^
  File "/home/cs/Desktop/PROJECTS/django_env/lib/python3.13/site-packages/django/template/loader_tags.py", line 211, in render
    return template.render(context)
           ~~~~~~~~~~~~~~~^^^^^^^^^
  File "/home/cs/Desktop/PROJECTS/django_env/lib/python3.13/site-packages/django/template/base.py", line 176, in render
    return self._render(context)
           ~~~~~~~~~~~~^^^^^^^^^
  File "/home/cs/Desktop/PROJECTS/django_env/lib/python3.13/site-packages/django/template/base.py", line 166, in _render
    return self.nodelist.render(context)
           ~~~~~~~~~~~~~~~~~~~~^^^^^^^^^
  File "/home/cs/Desktop/PROJECTS/django_env/lib/python3.13/site-packages/django/template/base.py", line 1091, in render
    return SafeString("".join([node.render_annotated(context) for node in self]))
                               ~~~~~~~~~~~~~~~~~~~~~^^^^^^^^^
  File "/home/cs/Desktop/PROJECTS/django_env/lib/python3.13/site-packages/django/template/base.py", line 1052, in render_annotated
    return self.render(context)
           ~~~~~~~~~~~^^^^^^^^^
  File "/home/cs/Desktop/PROJECTS/django_env/lib/python3.13/site-packages/django/template/defaulttags.py", line 511, in render
    url = reverse(view_name, args=args, kwargs=kwargs, current_app=current_app)
  File "/home/cs/Desktop/PROJECTS/django_env/lib/python3.13/site-packages/django/urls/base.py", line 98, in reverse
    resolved_url = resolver._reverse_with_prefix(view, prefix, *args, **kwargs)
  File "/home/cs/Desktop/PROJECTS/django_env/lib/python3.13/site-packages/django/urls/resolvers.py", line 842, in _reverse_with_prefix
    raise NoReverseMatch(msg)
django.urls.exceptions.NoReverseMatch: Reverse for 'dashboard' not found. 'dashboard' is not a valid view function or pattern name.
ERROR 2026-02-07 10:47:33,535 log 273100 140455155070656 "GET / HTTP/1.1" 500 184255
